org.clever.Common.XMPPCommunicator.ConnectionXMPP: connect 2014-03-24 11:40:00,942 [main] INFO  XMPPCommunicator {146}- XMPP connected plain mode
org.clever.Common.XMPPCommunicator.ConnectionXMPP: authenticate 2014-03-24 11:40:01,572 [main] DEBUG XMPPCommunicator {319}- XMPP connection established with username: hmricky password: hmricky server: riccardo port: 5222resource-598897373
org.clever.Common.XMPPCommunicator.ConnectionXMPP: joinInRoom 2014-03-24 11:40:01,583 [main] INFO  XMPPCommunicator {250}- Creating room: room@conference.riccardo with nickname: hmricky
org.clever.Common.XMPPCommunicator.ConnectionXMPP: joinInRoom 2014-03-24 11:40:01,594 [main] INFO  XMPPCommunicator {256}- Created room: room@conference.riccardo with nickname: hmricky
org.clever.Common.Initiator.Initiator: start 2014-03-24 11:40:01,598 [main] INFO  Initiator {316}- Lancio processo Initiator, pid: 3189@riccardo
org.clever.Common.Initiator.Initiator: launchHostCoordinator 2014-03-24 11:40:01,598 [main] INFO  Initiator {260}- Lancio host coordinator
org.clever.HostManager.HostCoordinator.HostCoordinator: init 2014-03-24 11:40:01,605 [main] DEBUG HostCoordinatorHM {87}- CLASSPATH= /home/riccardo/NetBeansProjects/clever-unime/trunk/clevercloud/../clever-occi-plugins//lib/commons-codec-1.8.jar:/home/riccardo/NetBeansProjects/clever-unime/trunk/clevercloud/../clever-occi-plugins//lib/commons-io-2.4.jar:/home/riccardo/NetBeansProjects/clever-unime/trunk/clevercloud/../clever-occi-plugins//lib/commons-logging-1.1.1.jar:/home/riccardo/NetBeansProjects/clever-unime/trunk/clevercloud/../clever-occi-plugins//lib/gson-2.2.4.jar:/home/riccardo/NetBeansProjects/clever-unime/trunk/clevercloud/../clever-occi-plugins//lib/jdom.jar:/home/riccardo/NetBeansProjects/clever-unime/trunk/clevercloud/../clever-occi-plugins//lib/log4j.jar:dist/clever.jar:/home/riccardo/NetBeansProjects/clever-unime/trunk/clevercloud/../clever-occi-plugins//dist/clever-occi-plugins.jar
org.clever.HostManager.HostCoordinator.HostCoordinator: init 2014-03-24 11:40:01,611 [main] DEBUG HostCoordinatorHM {120}- ./libraries:/usr/java/packages/lib/i386:/lib:/usr/lib:./libraries
org.clever.HostManager.HostCoordinator.HostCoordinator: init 2014-03-24 11:40:01,612 [main] INFO  HostCoordinatorHM {122}- Initiator created
org.clever.HostManager.HostCoordinator.HostCoordinator: init 2014-03-24 11:40:01,612 [main] INFO  HostCoordinatorHM {132}- 

 valori nuovi caricati: 4 10
org.clever.Common.Communicator.Agent: <init> 2014-03-24 11:40:01,618 [main] DEBUG org.clever.HostManager.Dispatcher.DispatcherAgent {83}- start Agent constructor
org.clever.Common.LoggingPlugins.Log4J.Log4J: <init> 2014-03-24 11:40:01,627 [main] INFO  LoggingAgent {76}- LoggingAgent plugin inizializzato:  
org.clever.Common.LoggingPlugins.Log4J.Log4J: creaDir 2014-03-24 11:40:01,631 [main] DEBUG LoggingAgent {599}- Ho creato: /home/riccardo/NetBeansProjects/clever-unime/trunk/clevercloud/LOGS/HostManager/DispatcherAgentHm
org.clever.Common.Communicator.Agent: start 2014-03-24 11:40:01,688 [main] DEBUG org.clever.HostManager.Dispatcher.DispatcherAgent {291}- 
istanzio ModuleCommunicator(agentName), dove agentName: DispatcherAgentHm
org.clever.Common.CommunicatorPlugins.Dbus.CommunicatorDbus: init 2014-03-24 11:40:01,695 [main] INFO  DbusCommunicationPlugin {62}- Initializing the Dbus Communication plugin 
org.clever.Common.CommunicatorPlugins.Dbus.CommunicatorDbus: init 2014-03-24 11:40:01,844 [main] INFO  DbusCommunicationPlugin {65}- Creating the connection to the SessionBus 
org.clever.Common.CommunicatorPlugins.Dbus.CommunicatorDbus: init 2014-03-24 11:40:01,847 [main] DEBUG DbusCommunicationPlugin {71}- Creating the Service on Dbus org.clever.Common.CommunicatorPlugins.DispatcherAgentHmHM
org.clever.Common.CommunicatorPlugins.Dbus.CommunicatorDbus: init 2014-03-24 11:40:01,848 [main] DEBUG DbusCommunicationPlugin {74}- Creating the Object on Dbus /org/clever/Common/CommunicatorPlugins/Dbus/CleverDbusInterface/DispatcherAgentHm
org.clever.Common.XMPPCommunicator.ConnectionXMPP: getHostName 2014-03-24 11:40:01,851 [main] DEBUG XMPPCommunicator {478}- Host name: riccardo
org.clever.HostManager.Dispatcher.DispatcherAgent: sendNotification 2014-03-24 11:40:01,853 [main] DEBUG org.clever.HostManager.Dispatcher.DispatcherAgent {166}- preparing notify clever message
org.clever.HostManager.Dispatcher.NotificationThread: run 2014-03-24 11:40:01,858 [NotificationThread] DEBUG NotificationThread {59}- Start NotificationThread run!
org.clever.HostManager.Dispatcher.DispatcherAgent: sendNotification 2014-03-24 11:40:02,040 [main] DEBUG org.clever.HostManager.Dispatcher.DispatcherAgent {180}- notification sent
org.clever.Common.Communicator.Agent: <init> 2014-03-24 11:40:02,042 [main] DEBUG org.clever.HostManager.Info.InfoAgent {83}- start Agent constructor
org.clever.Common.Initiator.ModuleFactory.ModuleFactory: getInstance 2014-03-24 11:40:02,049 [main] DEBUG ModuleFactory {169}- ModuleFactory created: org.clever.Common.Initiator.ModuleFactory.ModuleFactoryMultiTasking
org.clever.Common.LoggingPlugins.Log4J.Log4J: <init> 2014-03-24 11:40:02,050 [main] INFO  LoggingAgent {76}- LoggingAgent plugin inizializzato:  
org.clever.Common.LoggingPlugins.Log4J.Log4J: creaDir 2014-03-24 11:40:02,050 [main] DEBUG LoggingAgent {599}- Ho creato: /home/riccardo/NetBeansProjects/clever-unime/trunk/clevercloud/LOGS/HostManager/Info
org.clever.Common.Communicator.Agent: start 2014-03-24 11:40:02,066 [main] DEBUG org.clever.HostManager.Info.InfoAgent {291}- 
istanzio ModuleCommunicator(agentName), dove agentName: InfoAgent
org.clever.Common.CommunicatorPlugins.Dbus.CommunicatorDbus: init 2014-03-24 11:40:02,068 [main] INFO  DbusCommunicationPlugin {62}- Initializing the Dbus Communication plugin 
org.clever.Common.CommunicatorPlugins.Dbus.CommunicatorDbus: init 2014-03-24 11:40:02,069 [main] INFO  DbusCommunicationPlugin {65}- Creating the connection to the SessionBus 
org.clever.Common.CommunicatorPlugins.Dbus.CommunicatorDbus: init 2014-03-24 11:40:02,072 [main] DEBUG DbusCommunicationPlugin {71}- Creating the Service on Dbus org.clever.Common.CommunicatorPlugins.InfoAgentHM
org.clever.Common.CommunicatorPlugins.Dbus.CommunicatorDbus: init 2014-03-24 11:40:02,073 [main] DEBUG DbusCommunicationPlugin {74}- Creating the Object on Dbus /org/clever/Common/CommunicatorPlugins/Dbus/CleverDbusInterface/InfoAgent
org.clever.HostManager.HostCoordinator.HostCoordinator: launchAgents 2014-03-24 11:40:02,074 [main] INFO  HostCoordinatorHM {187}- # inizio lancio agente nell'HC
org.clever.Common.Initiator.ModuleFactory.ModuleFactoryMultiTasking: createAgent 2014-03-24 11:40:02,089 [main] INFO  ModuleFactory {130}- New process launched!
org.clever.Common.Initiator.ModuleFactory.ModuleFactoryMultiTasking: createAgent 2014-03-24 11:40:02,103 [main] INFO  ModuleFactory {145}- Thread ReplacementAgentDead abilitated
org.clever.Common.Initiator.ModuleFactory.ModuleFactoryMultiTasking: createAgent 2014-03-24 11:40:02,112 [main] INFO  ModuleFactory {152}- Thread for replacement started
org.clever.HostManager.HostCoordinator.HostCoordinator: launchAgents 2014-03-24 11:40:02,113 [main] INFO  HostCoordinatorHM {189}- #fine lancio agente nell'HC!
org.clever.HostManager.HostCoordinator.HostCoordinator: launchAgents 2014-03-24 11:40:02,113 [main] DEBUG HostCoordinatorHM {191}- Agent created: org.clever.HostManager.HyperVisor.HyperVisorAgent
org.clever.HostManager.HostCoordinator.HostCoordinator: launchAgents 2014-03-24 11:40:02,113 [main] INFO  HostCoordinatorHM {183}- # inizio lancio agente nell'HC
org.clever.Common.Initiator.ModuleFactory.ModuleFactoryMultiTasking: createAgent 2014-03-24 11:40:02,119 [main] INFO  ModuleFactory {86}- New process launched!
org.clever.Common.Initiator.ModuleFactory.ModuleFactoryMultiTasking: createAgent 2014-03-24 11:40:02,134 [main] INFO  ModuleFactory {104}- Thread ReplacementAgentDead abilitated
org.clever.Common.Initiator.ModuleFactory.ModuleFactoryMultiTasking: createAgent 2014-03-24 11:40:02,183 [main] INFO  ModuleFactory {111}- Thread for replacement started
org.clever.HostManager.HostCoordinator.HostCoordinator: launchAgents 2014-03-24 11:40:02,183 [main] INFO  HostCoordinatorHM {185}- #fine lancio agente nell'HC!
org.clever.HostManager.HostCoordinator.HostCoordinator: launchAgents 2014-03-24 11:40:02,183 [main] DEBUG HostCoordinatorHM {191}- Agent created: org.clever.HostManager.ImageManager.ImageManagerAgent
org.clever.HostManager.HostCoordinator.HostCoordinator: launchAgents 2014-03-24 11:40:02,184 [main] INFO  HostCoordinatorHM {183}- # inizio lancio agente nell'HC
org.clever.Common.Initiator.ModuleFactory.ModuleFactoryMultiTasking: createAgent 2014-03-24 11:40:02,211 [main] INFO  ModuleFactory {86}- New process launched!
org.clever.Common.Initiator.ModuleFactory.ModuleFactoryMultiTasking: createAgent 2014-03-24 11:40:02,215 [main] INFO  ModuleFactory {104}- Thread ReplacementAgentDead abilitated
org.clever.Common.Initiator.ModuleFactory.ModuleFactoryMultiTasking: createAgent 2014-03-24 11:40:02,225 [main] INFO  ModuleFactory {111}- Thread for replacement started
org.clever.HostManager.HostCoordinator.HostCoordinator: launchAgents 2014-03-24 11:40:02,225 [main] INFO  HostCoordinatorHM {185}- #fine lancio agente nell'HC!
org.clever.HostManager.HostCoordinator.HostCoordinator: launchAgents 2014-03-24 11:40:02,225 [main] DEBUG HostCoordinatorHM {191}- Agent created: org.clever.HostManager.Monitor.MonitorAgent
org.clever.HostManager.HostCoordinator.HostCoordinator: launchAgents 2014-03-24 11:40:02,226 [main] INFO  HostCoordinatorHM {183}- # inizio lancio agente nell'HC
org.clever.Common.Initiator.ModuleFactory.ModuleFactoryMultiTasking: createAgent 2014-03-24 11:40:02,247 [main] INFO  ModuleFactory {86}- New process launched!
org.clever.Common.Initiator.ModuleFactory.ModuleFactoryMultiTasking: createAgent 2014-03-24 11:40:02,251 [main] INFO  ModuleFactory {104}- Thread ReplacementAgentDead abilitated
org.clever.Common.Initiator.ModuleFactory.ModuleFactoryMultiTasking: createAgent 2014-03-24 11:40:02,257 [main] INFO  ModuleFactory {111}- Thread for replacement started
org.clever.HostManager.HostCoordinator.HostCoordinator: launchAgents 2014-03-24 11:40:02,258 [main] INFO  HostCoordinatorHM {185}- #fine lancio agente nell'HC!
org.clever.HostManager.HostCoordinator.HostCoordinator: launchAgents 2014-03-24 11:40:02,258 [main] DEBUG HostCoordinatorHM {191}- Agent created: org.clever.HostManager.NetworkManager.NetworkManagerAgent
org.clever.HostManager.HostCoordinator.HostCoordinator: launchAgents 2014-03-24 11:40:02,258 [main] INFO  HostCoordinatorHM {183}- # inizio lancio agente nell'HC
org.clever.Common.Initiator.ModuleFactory.ModuleFactoryMultiTasking: createAgent 2014-03-24 11:40:02,283 [main] INFO  ModuleFactory {86}- New process launched!
org.clever.Common.Initiator.ModuleFactory.ModuleFactoryMultiTasking: createAgent 2014-03-24 11:40:02,294 [main] INFO  ModuleFactory {104}- Thread ReplacementAgentDead abilitated
org.clever.Common.Initiator.ModuleFactory.ModuleFactoryMultiTasking: createAgent 2014-03-24 11:40:02,301 [main] INFO  ModuleFactory {111}- Thread for replacement started
org.clever.HostManager.HostCoordinator.HostCoordinator: launchAgents 2014-03-24 11:40:02,302 [main] INFO  HostCoordinatorHM {185}- #fine lancio agente nell'HC!
org.clever.HostManager.HostCoordinator.HostCoordinator: launchAgents 2014-03-24 11:40:02,302 [main] DEBUG HostCoordinatorHM {191}- Agent created: org.clever.Common.Logging.LoggingAgent
org.clever.Common.CommunicatorPlugins.Dbus.CommunicatorDbus: init 2014-03-24 11:40:02,306 [main] INFO  DbusCommunicationPlugin {62}- Initializing the Dbus Communication plugin 
org.clever.Common.CommunicatorPlugins.Dbus.CommunicatorDbus: init 2014-03-24 11:40:02,306 [main] INFO  DbusCommunicationPlugin {65}- Creating the connection to the SessionBus 
org.clever.Common.CommunicatorPlugins.Dbus.CommunicatorDbus: init 2014-03-24 11:40:02,309 [main] DEBUG DbusCommunicationPlugin {71}- Creating the Service on Dbus org.clever.Common.CommunicatorPlugins.HostCoordinatorHM
org.clever.Common.CommunicatorPlugins.Dbus.CommunicatorDbus: init 2014-03-24 11:40:02,310 [main] DEBUG DbusCommunicationPlugin {74}- Creating the Object on Dbus /org/clever/Common/CommunicatorPlugins/Dbus/CleverDbusInterface/HostCoordinator
org.clever.HostManager.HostCoordinator.HostCoordinator: launchAgents 2014-03-24 11:40:02,310 [main] INFO  HostCoordinatorHM {211}- HostCoordinator created
org.clever.Common.Initiator.Initiator: VerificaNecessitaCM 2014-03-24 11:40:02,374 [main] INFO  Initiator {226}- Number of CM istantiated is 0
org.clever.Common.Initiator.Initiator: VerificaNecessitaCM 2014-03-24 11:40:02,374 [main] INFO  Initiator {226}- Number of CM istantiated is 0
org.clever.Common.Initiator.Initiator: start 2014-03-24 11:40:02,395 [main] INFO  Initiator {327}- Number of CM istantiated: truetreshold is: 1
org.clever.Common.Initiator.Initiator: start 2014-03-24 11:40:02,395 [main] INFO  Initiator {328}- A new Cluster Manager is istantiated!
org.clever.Common.Initiator.Initiator: launchClusterCoordinator 2014-03-24 11:40:02,402 [main] INFO  Initiator {236}- Launching cluster coordinator with classpath: /home/riccardo/NetBeansProjects/clever-unime/trunk/clevercloud/../clever-occi-plugins//lib/commons-codec-1.8.jar:/home/riccardo/NetBeansProjects/clever-unime/trunk/clevercloud/../clever-occi-plugins//lib/commons-io-2.4.jar:/home/riccardo/NetBeansProjects/clever-unime/trunk/clevercloud/../clever-occi-plugins//lib/commons-logging-1.1.1.jar:/home/riccardo/NetBeansProjects/clever-unime/trunk/clevercloud/../clever-occi-plugins//lib/gson-2.2.4.jar:/home/riccardo/NetBeansProjects/clever-unime/trunk/clevercloud/../clever-occi-plugins//lib/jdom.jar:/home/riccardo/NetBeansProjects/clever-unime/trunk/clevercloud/../clever-occi-plugins//lib/log4j.jar:dist/clever.jar:/home/riccardo/NetBeansProjects/clever-unime/trunk/clevercloud/../clever-occi-plugins//dist/clever-occi-plugins.jar
org.clever.Common.Initiator.Initiator: launchClusterCoordinator 2014-03-24 11:40:02,403 [main] INFO  Initiator {241}- ClusterCoordinato launching: [Ljava.lang.String;@11d6020
org.clever.Common.LoggingPlugins.Log4J.Log4J: <init> 2014-03-24 11:40:02,951 [main] INFO  LoggingAgent {76}- LoggingAgent plugin inizializzato:  
org.clever.Common.LoggingPlugins.Log4J.Log4J: creaDir 2014-03-24 11:40:02,975 [main] DEBUG LoggingAgent {599}- Ho creato: /home/riccardo/NetBeansProjects/clever-unime/trunk/clevercloud/LOGS/HostManager/ImageManager
org.clever.Common.LoggingPlugins.Log4J.Log4J: <init> 2014-03-24 11:40:03,066 [main] INFO  LoggingAgent {76}- LoggingAgent plugin inizializzato:  
org.clever.Common.LoggingPlugins.Log4J.Log4J: creaDir 2014-03-24 11:40:03,092 [main] DEBUG LoggingAgent {599}- Ho creato: /home/riccardo/NetBeansProjects/clever-unime/trunk/clevercloud/LOGS/HostManager/HyperVisor
org.clever.Common.LoggingPlugins.Log4J.Log4J: <init> 2014-03-24 11:40:03,191 [main] INFO  LoggingAgent {76}- LoggingAgent plugin inizializzato:  
org.clever.Common.LoggingPlugins.Log4J.Log4J: creaDir 2014-03-24 11:40:03,219 [main] DEBUG LoggingAgent {599}- Ho creato: /home/riccardo/NetBeansProjects/clever-unime/trunk/clevercloud/LOGS/HostManager/Monitor
org.clever.Common.LoggingPlugins.Log4J.Log4J: <init> 2014-03-24 11:40:03,306 [main] INFO  LoggingAgent {76}- LoggingAgent plugin inizializzato:  
org.clever.Common.Communicator.Agent: start 2014-03-24 11:40:03,322 [main] DEBUG org.clever.HostManager.ImageManager.ImageManagerAgent {291}- 
istanzio ModuleCommunicator(agentName), dove agentName: ImageManagerAgent
org.clever.Common.LoggingPlugins.Log4J.Log4J: creaDir 2014-03-24 11:40:03,329 [main] DEBUG LoggingAgent {599}- Ho creato: /home/riccardo/NetBeansProjects/clever-unime/trunk/clevercloud/LOGS/Common/Logging
org.clever.Common.LoggingPlugins.Log4J.Log4J: <init> 2014-03-24 11:40:03,340 [main] INFO  LoggingAgent {76}- LoggingAgent plugin inizializzato:  
org.clever.Common.LoggingPlugins.Log4J.Log4J: creaDir 2014-03-24 11:40:03,361 [main] DEBUG LoggingAgent {599}- Ho creato: /home/riccardo/NetBeansProjects/clever-unime/trunk/clevercloud/LOGS/HostManager/NetworkManager
org.clever.Common.Communicator.Agent: start 2014-03-24 11:40:03,480 [main] DEBUG org.clever.HostManager.HyperVisor.HyperVisorAgent {291}- 
istanzio ModuleCommunicator(agentName), dove agentName: HyperVisorAgent
org.clever.ClusterManager.ClusterCoordinator.Main: <init> 2014-03-24 11:40:03,484 [main] INFO  Main_ClusterCoordinator {67}- 
 Prima del lancio del costruttore cc!

org.clever.ClusterManager.ClusterCoordinator.Main: <init> 2014-03-24 11:40:03,526 [main] INFO  Main_ClusterCoordinator {69}- 
Dopo il lancio del costruttore CC, si sta x avviare la start()
org.clever.Common.CommunicatorPlugins.Dbus.CommunicatorDbus: init 2014-03-24 11:40:03,529 [main] INFO  DbusCommunicationPlugin {62}- Initializing the Dbus Communication plugin 
org.clever.ClusterManager.ClusterCoordinator.ClusterCoordinator: start 2014-03-24 11:40:03,526 [main] INFO  ClusterCoordinator {445}- 
START DI CC

org.clever.Common.Communicator.Agent: start 2014-03-24 11:40:03,563 [main] DEBUG org.clever.HostManager.Monitor.MonitorAgent {291}- 
istanzio ModuleCommunicator(agentName), dove agentName: MonitorAgent
org.clever.Common.Communicator.Agent: start 2014-03-24 11:40:03,716 [main] DEBUG org.clever.Common.Logging.LoggingAgent {291}- 
istanzio ModuleCommunicator(agentName), dove agentName: LoggingAgent
org.clever.Common.CommunicatorPlugins.Dbus.CommunicatorDbus: init 2014-03-24 11:40:03,761 [main] INFO  DbusCommunicationPlugin {62}- Initializing the Dbus Communication plugin 
org.clever.Common.CommunicatorPlugins.Dbus.CommunicatorDbus: init 2014-03-24 11:40:03,801 [main] INFO  DbusCommunicationPlugin {62}- Initializing the Dbus Communication plugin 
org.clever.Common.Communicator.Agent: start 2014-03-24 11:40:03,837 [main] DEBUG org.clever.HostManager.NetworkManager.NetworkManagerAgent {291}- 
istanzio ModuleCommunicator(agentName), dove agentName: NetworkManagerAgent
org.clever.ClusterManager.ClusterCoordinator.ClusterCoordinator: init 2014-03-24 11:40:03,914 [main] DEBUG ClusterCoordinator {155}- Setting java.library.path ...
org.clever.ClusterManager.ClusterCoordinator.ClusterCoordinator: init 2014-03-24 11:40:03,925 [main] DEBUG ClusterCoordinator {176}- ./libraries:/usr/java/packages/lib/i386:/lib:/usr/lib:./libraries
org.clever.ClusterManager.ClusterCoordinator.ClusterCoordinator: init 2014-03-24 11:40:03,933 [main] DEBUG ClusterCoordinator {201}- 

&&&&& i nuovi valori caricati sono: 4 10
org.clever.ClusterManager.ClusterCoordinator.ClusterCoordinator: init 2014-03-24 11:40:03,934 [main] DEBUG ClusterCoordinator {202}- 

REPLACEAGENTS NEL CC: true
org.clever.ClusterManager.ClusterCoordinator.ClusterCoordinator: init 2014-03-24 11:40:03,934 [main] DEBUG ClusterCoordinator {226}- ./libraries:./libraries:/usr/java/packages/lib/i386:/lib:/usr/lib:./libraries:./libraries
org.clever.Common.CommunicatorPlugins.Dbus.CommunicatorDbus: init 2014-03-24 11:40:03,955 [main] INFO  DbusCommunicationPlugin {62}- Initializing the Dbus Communication plugin 
org.clever.ClusterManager.ClusterCoordinator.ClusterCoordinator: connectionManagement 2014-03-24 11:40:03,975 [main] INFO  ClusterCoordinator {250}- Connection to server XMPP: riccardoat port: 5222
org.clever.Common.CommunicatorPlugins.Dbus.CommunicatorDbus: init 2014-03-24 11:40:04,083 [main] INFO  DbusCommunicationPlugin {62}- Initializing the Dbus Communication plugin 
org.clever.Common.CommunicatorPlugins.Dbus.CommunicatorDbus: init 2014-03-24 11:40:04,083 [main] INFO  DbusCommunicationPlugin {65}- Creating the connection to the SessionBus 
org.clever.Common.CommunicatorPlugins.Dbus.CommunicatorDbus: init 2014-03-24 11:40:04,111 [main] DEBUG DbusCommunicationPlugin {71}- Creating the Service on Dbus org.clever.Common.CommunicatorPlugins.ImageManagerAgentHM
org.clever.Common.CommunicatorPlugins.Dbus.CommunicatorDbus: init 2014-03-24 11:40:04,112 [main] DEBUG DbusCommunicationPlugin {74}- Creating the Object on Dbus /org/clever/Common/CommunicatorPlugins/Dbus/CleverDbusInterface/ImageManagerAgent
org.clever.Common.Communicator.Agent: getconfiguration 2014-03-24 11:40:04,113 [main] DEBUG org.clever.HostManager.ImageManager.ImageManagerAgent {203}- cfgfile:./cfg/configuration_ImageManager.xml
org.clever.Common.Communicator.Agent: getconfiguration 2014-03-24 11:40:04,114 [main] DEBUG org.clever.HostManager.ImageManager.ImageManagerAgent {204}- classpath:/org/clever/HostManager/ImageManager/configuration_ImageManager.xml
org.clever.Common.Communicator.Agent: getconfiguration 2014-03-24 11:40:04,114 [main] DEBUG org.clever.HostManager.ImageManager.ImageManagerAgent {214}- Configuration from localfile
org.clever.Common.XMLTools.ParserXML: printElementContentText 2014-03-24 11:40:04,145 [main] DEBUG ParserXML {269}- name ClassPlugin
org.clever.Common.XMLTools.ParserXML: printElementContentText 2014-03-24 11:40:04,146 [main] DEBUG ParserXML {270}- text org.clever.HostManager.ImageManagerPlugins.ImageManagerClever.ImageManager
org.clever.Common.XMLTools.ParserXML: printElementContentText 2014-03-24 11:40:04,146 [main] DEBUG ParserXML {269}- name writeOnCfgFolder
org.clever.Common.XMLTools.ParserXML: printElementContentText 2014-03-24 11:40:04,155 [main] DEBUG ParserXML {270}- text yes
org.clever.Common.XMLTools.ParserXML: printElementContentText 2014-03-24 11:40:04,156 [main] DEBUG ParserXML {269}- name moduleName
org.clever.Common.XMLTools.ParserXML: printElementContentText 2014-03-24 11:40:04,161 [main] DEBUG ParserXML {270}- text ImageManagerAgent
org.clever.Common.SqliteDB.SQLite: openCon 2014-03-24 11:40:04,240 [main] ERROR SQLiteDB {116}- ??XX2Exception caused by connection at the Mapping db:org.sqlite.JDBC
org.clever.Common.SqliteDB.SQLite: <init> 2014-03-24 11:40:04,245 [main] DEBUG SQLiteDB {88}- Is not possible open connection with sqlite DB
org.clever.Common.CommunicatorPlugins.Dbus.CommunicatorDbus: init 2014-03-24 11:40:04,357 [main] INFO  DbusCommunicationPlugin {65}- Creating the connection to the SessionBus 
org.clever.Common.CommunicatorPlugins.Dbus.CommunicatorDbus: init 2014-03-24 11:40:04,385 [main] DEBUG DbusCommunicationPlugin {71}- Creating the Service on Dbus org.clever.Common.CommunicatorPlugins.HyperVisorAgentHM
org.clever.Common.CommunicatorPlugins.Dbus.CommunicatorDbus: init 2014-03-24 11:40:04,386 [main] DEBUG DbusCommunicationPlugin {74}- Creating the Object on Dbus /org/clever/Common/CommunicatorPlugins/Dbus/CleverDbusInterface/HyperVisorAgent
org.clever.Common.Communicator.Agent: getconfiguration 2014-03-24 11:40:04,388 [main] DEBUG org.clever.HostManager.HyperVisor.HyperVisorAgent {203}- cfgfile:./cfg/configuration_hypervisor.xml
org.clever.Common.Communicator.Agent: getconfiguration 2014-03-24 11:40:04,389 [main] DEBUG org.clever.HostManager.HyperVisor.HyperVisorAgent {204}- classpath:/org/clever/HostManager/HyperVisor/configuration_hypervisor.xml
org.clever.Common.Communicator.Agent: getconfiguration 2014-03-24 11:40:04,389 [main] DEBUG org.clever.HostManager.HyperVisor.HyperVisorAgent {214}- Configuration from localfile
org.clever.Common.XMLTools.ParserXML: printElementContentText 2014-03-24 11:40:04,392 [main] DEBUG ParserXML {269}- name ClassPlugin
org.clever.Common.XMLTools.ParserXML: printElementContentText 2014-03-24 11:40:04,393 [main] DEBUG ParserXML {270}- text org.clever.HostManager.HyperVisorPlugins.VirtualBox.HvVirtualBox
org.clever.Common.XMLTools.ParserXML: printElementContentText 2014-03-24 11:40:04,393 [main] DEBUG ParserXML {269}- name writeOnCfgFolder
org.clever.Common.XMLTools.ParserXML: printElementContentText 2014-03-24 11:40:04,394 [main] DEBUG ParserXML {270}- text yes
org.clever.Common.XMLTools.ParserXML: printElementContentText 2014-03-24 11:40:04,394 [main] DEBUG ParserXML {269}- name moduleName
org.clever.Common.XMLTools.ParserXML: printElementContentText 2014-03-24 11:40:04,395 [main] DEBUG ParserXML {270}- text HyperVisorAgent
org.clever.Common.XMLTools.ParserXML: printElementContentText 2014-03-24 11:40:04,408 [main] DEBUG ParserXML {269}- name pluginParams
org.clever.Common.XMLTools.ParserXML: printElementContentText 2014-03-24 11:40:04,408 [main] DEBUG ParserXML {270}- text 
                
        
org.clever.Common.CommunicatorPlugins.Dbus.CommunicatorDbus: init 2014-03-24 11:40:04,467 [main] INFO  DbusCommunicationPlugin {65}- Creating the connection to the SessionBus 
org.clever.Common.CommunicatorPlugins.Dbus.CommunicatorDbus: init 2014-03-24 11:40:04,484 [main] DEBUG DbusCommunicationPlugin {71}- Creating the Service on Dbus org.clever.Common.CommunicatorPlugins.MonitorAgentHM
org.clever.Common.CommunicatorPlugins.Dbus.CommunicatorDbus: init 2014-03-24 11:40:04,489 [main] DEBUG DbusCommunicationPlugin {74}- Creating the Object on Dbus /org/clever/Common/CommunicatorPlugins/Dbus/CleverDbusInterface/MonitorAgent
org.clever.Common.Communicator.Agent: getconfiguration 2014-03-24 11:40:04,504 [main] DEBUG org.clever.HostManager.Monitor.MonitorAgent {203}- cfgfile:./cfg/configuration_monitor.xml
org.clever.Common.Communicator.Agent: getconfiguration 2014-03-24 11:40:04,505 [main] DEBUG org.clever.HostManager.Monitor.MonitorAgent {204}- classpath:/org/clever/HostManager/Monitor/configuration_monitor.xml
org.clever.Common.Communicator.Agent: getconfiguration 2014-03-24 11:40:04,505 [main] DEBUG org.clever.HostManager.Monitor.MonitorAgent {214}- Configuration from localfile
org.clever.Common.XMLTools.ParserXML: printElementContentText 2014-03-24 11:40:04,528 [main] DEBUG ParserXML {269}- name PluginName
org.clever.Common.XMLTools.ParserXML: printElementContentText 2014-03-24 11:40:04,531 [main] DEBUG ParserXML {270}- text org.clever.HostManager.MonitorPlugins.Sigar.SigarMonitor
org.clever.Common.XMLTools.ParserXML: printElementContentText 2014-03-24 11:40:04,532 [main] DEBUG ParserXML {269}- name writeOnCfgFolder
org.clever.Common.XMLTools.ParserXML: printElementContentText 2014-03-24 11:40:04,532 [main] DEBUG ParserXML {270}- text yes
org.clever.Common.XMLTools.ParserXML: printElementContentText 2014-03-24 11:40:04,533 [main] DEBUG ParserXML {269}- name moduleName
org.clever.Common.XMLTools.ParserXML: printElementContentText 2014-03-24 11:40:04,557 [main] DEBUG ParserXML {270}- text MonitorAgent
org.clever.Common.CommunicatorPlugins.Dbus.CommunicatorDbus: init 2014-03-24 11:40:04,653 [main] INFO  DbusCommunicationPlugin {65}- Creating the connection to the SessionBus 
org.clever.Common.CommunicatorPlugins.Dbus.CommunicatorDbus: init 2014-03-24 11:40:04,659 [main] DEBUG DbusCommunicationPlugin {71}- Creating the Service on Dbus org.clever.Common.CommunicatorPlugins.LoggingAgentHM
org.clever.Common.CommunicatorPlugins.Dbus.CommunicatorDbus: init 2014-03-24 11:40:04,661 [main] DEBUG DbusCommunicationPlugin {74}- Creating the Object on Dbus /org/clever/Common/CommunicatorPlugins/Dbus/CleverDbusInterface/LoggingAgent
org.clever.Common.Communicator.Agent: getconfiguration 2014-03-24 11:40:04,673 [main] DEBUG org.clever.Common.Logging.LoggingAgent {203}- cfgfile:./cfg/configuration_logging.xml
org.clever.Common.Communicator.Agent: getconfiguration 2014-03-24 11:40:04,673 [main] DEBUG org.clever.Common.Logging.LoggingAgent {204}- classpath:/org/clever/Common/Logging/configuration_logging.xml
org.clever.Common.Communicator.Agent: getconfiguration 2014-03-24 11:40:04,674 [main] DEBUG org.clever.Common.Logging.LoggingAgent {214}- Configuration from localfile
org.clever.Common.XMLTools.ParserXML: printElementContentText 2014-03-24 11:40:04,677 [main] DEBUG ParserXML {269}- name ClassPlugin
org.clever.Common.XMLTools.ParserXML: printElementContentText 2014-03-24 11:40:04,685 [main] DEBUG ParserXML {270}- text org.clever.Common.LoggingPlugins.Log4J.Log4J
org.clever.Common.XMLTools.ParserXML: printElementContentText 2014-03-24 11:40:04,685 [main] DEBUG ParserXML {269}- name writeOnCfgFolder
org.clever.Common.XMLTools.ParserXML: printElementContentText 2014-03-24 11:40:04,691 [main] DEBUG ParserXML {270}- text yes
org.clever.Common.XMLTools.ParserXML: printElementContentText 2014-03-24 11:40:04,697 [main] DEBUG ParserXML {269}- name moduleName
org.clever.Common.XMLTools.ParserXML: printElementContentText 2014-03-24 11:40:04,697 [main] DEBUG ParserXML {270}- text LoggingAgent
org.clever.Common.CommunicatorPlugins.Dbus.CommunicatorDbus: init 2014-03-24 11:40:04,796 [main] INFO  DbusCommunicationPlugin {65}- Creating the connection to the SessionBus 
org.clever.Common.CommunicatorPlugins.Dbus.CommunicatorDbus: init 2014-03-24 11:40:04,799 [main] DEBUG DbusCommunicationPlugin {71}- Creating the Service on Dbus org.clever.Common.CommunicatorPlugins.NetworkManagerAgentHM
org.clever.Common.CommunicatorPlugins.Dbus.CommunicatorDbus: init 2014-03-24 11:40:04,801 [main] DEBUG DbusCommunicationPlugin {74}- Creating the Object on Dbus /org/clever/Common/CommunicatorPlugins/Dbus/CleverDbusInterface/NetworkManagerAgent
org.clever.Common.Communicator.Agent: getconfiguration 2014-03-24 11:40:04,809 [main] DEBUG org.clever.HostManager.NetworkManager.NetworkManagerAgent {203}- cfgfile:./cfg/configuration_networkManager.xml
org.clever.Common.Communicator.Agent: getconfiguration 2014-03-24 11:40:04,811 [main] DEBUG org.clever.HostManager.NetworkManager.NetworkManagerAgent {204}- classpath:/org/clever/HostManager/NetworkManager/configuration_networkManager.xml
org.clever.Common.Communicator.Agent: getconfiguration 2014-03-24 11:40:04,812 [main] DEBUG org.clever.HostManager.NetworkManager.NetworkManagerAgent {214}- Configuration from localfile
org.clever.Common.XMLTools.ParserXML: printElementContentText 2014-03-24 11:40:04,820 [main] DEBUG ParserXML {269}- name ClassPlugin
org.clever.Common.XMLTools.ParserXML: printElementContentText 2014-03-24 11:40:04,821 [main] DEBUG ParserXML {270}- text org.clever.HostManager.NetworkManagerPlugins.Linux.NetworkManagerLinux
org.clever.Common.XMLTools.ParserXML: printElementContentText 2014-03-24 11:40:04,822 [main] DEBUG ParserXML {269}- name writeOnCfgFolder
org.clever.Common.XMLTools.ParserXML: printElementContentText 2014-03-24 11:40:04,827 [main] DEBUG ParserXML {270}- text yes
org.clever.Common.XMLTools.ParserXML: printElementContentText 2014-03-24 11:40:04,838 [main] DEBUG ParserXML {269}- name moduleName
org.clever.Common.XMLTools.ParserXML: printElementContentText 2014-03-24 11:40:04,839 [main] DEBUG ParserXML {270}- text NetworkManagerAgent
org.clever.Common.XMPPCommunicator.ConnectionXMPP: connect 2014-03-24 11:40:05,445 [main] INFO  XMPPCommunicator {146}- XMPP connected plain mode
org.clever.ClusterManager.ClusterCoordinator.ClusterCoordinator: connectionManagement 2014-03-24 11:40:05,445 [main] INFO  ClusterCoordinator {268}- authentication....
org.clever.Common.XMPPCommunicator.ConnectionXMPP: authenticate 2014-03-24 11:40:06,042 [main] DEBUG XMPPCommunicator {319}- XMPP connection established with username: cmricky password: cmricky server: riccardo port: 5222resource214534972
org.clever.Common.XMPPCommunicator.ConnectionXMPP: joinInRoom 2014-03-24 11:40:06,057 [main] INFO  XMPPCommunicator {250}- Creating room: room@conference.riccardo with nickname: cmricky
org.clever.Common.XMPPCommunicator.ConnectionXMPP: joinInRoom 2014-03-24 11:40:06,069 [main] INFO  XMPPCommunicator {256}- Created room: room@conference.riccardo with nickname: cmricky
org.clever.ClusterManager.ClusterCoordinator.ClusterCoordinator: connectionManagement 2014-03-24 11:40:06,094 [main] INFO  ClusterCoordinator {276}- DispatcherAgent created
org.clever.Common.Communicator.Agent: <init> 2014-03-24 11:40:06,099 [main] DEBUG org.clever.ClusterManager.Dispatcher.DispatcherAgent {83}- start Agent constructor
org.clever.Common.LoggingPlugins.Log4J.Log4J: <init> 2014-03-24 11:40:06,106 [main] INFO  LoggingAgent {76}- LoggingAgent plugin inizializzato:  
org.clever.Common.LoggingPlugins.Log4J.Log4J: creaDir 2014-03-24 11:40:06,106 [main] DEBUG LoggingAgent {599}- Ho creato: /home/riccardo/NetBeansProjects/clever-unime/trunk/clevercloud/LOGS/ClusterManager/Dispatcher
org.clever.Common.Communicator.Agent: start 2014-03-24 11:40:06,152 [main] DEBUG org.clever.ClusterManager.Dispatcher.DispatcherAgent {291}- 
istanzio ModuleCommunicator(agentName), dove agentName: DispatcherAgent
org.clever.Common.CommunicatorPlugins.Dbus.CommunicatorDbus: init 2014-03-24 11:40:06,159 [main] INFO  DbusCommunicationPlugin {62}- Initializing the Dbus Communication plugin 
org.clever.Common.CommunicatorPlugins.Dbus.CommunicatorDbus: init 2014-03-24 11:40:06,338 [main] INFO  DbusCommunicationPlugin {65}- Creating the connection to the SessionBus 
org.clever.Common.CommunicatorPlugins.Dbus.CommunicatorDbus: init 2014-03-24 11:40:06,344 [main] DEBUG DbusCommunicationPlugin {71}- Creating the Service on Dbus org.clever.Common.CommunicatorPlugins.DispatcherAgentCM
org.clever.Common.CommunicatorPlugins.Dbus.CommunicatorDbus: init 2014-03-24 11:40:06,346 [main] DEBUG DbusCommunicationPlugin {74}- Creating the Object on Dbus /org/clever/Common/CommunicatorPlugins/Dbus/CleverDbusInterface/DispatcherAgent
org.clever.Common.Communicator.Agent: getconfiguration 2014-03-24 11:40:06,346 [main] DEBUG org.clever.ClusterManager.Dispatcher.DispatcherAgent {203}- cfgfile:./cfg/configuration_dispatcher.xml
org.clever.Common.Communicator.Agent: getconfiguration 2014-03-24 11:40:06,347 [main] DEBUG org.clever.ClusterManager.Dispatcher.DispatcherAgent {204}- classpath:/org/clever/ClusterManager/Dispatcher/configuration_dispatcher.xml
org.clever.Common.Communicator.Agent: getconfiguration 2014-03-24 11:40:06,347 [main] DEBUG org.clever.ClusterManager.Dispatcher.DispatcherAgent {214}- Configuration from localfile
org.clever.Common.XMLTools.ParserXML: printElementContentText 2014-03-24 11:40:06,349 [main] DEBUG ParserXML {269}- name ClassPlugin
org.clever.Common.XMLTools.ParserXML: printElementContentText 2014-03-24 11:40:06,349 [main] DEBUG ParserXML {270}- text org.clever.ClusterManager.DispatcherPlugins.DispatcherClever.DispatcherClever
org.clever.Common.XMLTools.ParserXML: printElementContentText 2014-03-24 11:40:06,350 [main] DEBUG ParserXML {269}- name writeOnCfgFolder
org.clever.Common.XMLTools.ParserXML: printElementContentText 2014-03-24 11:40:06,350 [main] DEBUG ParserXML {270}- text yes
org.clever.Common.XMLTools.ParserXML: printElementContentText 2014-03-24 11:40:06,351 [main] DEBUG ParserXML {269}- name moduleName
org.clever.Common.XMLTools.ParserXML: printElementContentText 2014-03-24 11:40:06,351 [main] DEBUG ParserXML {270}- text DispatcherAgent
org.clever.ClusterManager.ClusterCoordinator.ClusterCoordinator: connectionManagement 2014-03-24 11:40:06,372 [main] INFO  ClusterCoordinator {280}- Dispatcher Plugin created
org.clever.Common.Communicator.Agent: <init> 2014-03-24 11:40:06,374 [main] DEBUG org.clever.ClusterManager.Info.InfoAgent {83}- start Agent constructor
org.clever.Common.LoggingPlugins.Log4J.Log4J: <init> 2014-03-24 11:40:06,376 [main] INFO  LoggingAgent {76}- LoggingAgent plugin inizializzato:  
org.clever.Common.LoggingPlugins.Log4J.Log4J: creaDir 2014-03-24 11:40:06,376 [main] DEBUG LoggingAgent {599}- Ho creato: /home/riccardo/NetBeansProjects/clever-unime/trunk/clevercloud/LOGS/ClusterManager/Info
org.clever.Common.Communicator.Agent: start 2014-03-24 11:40:06,406 [main] DEBUG org.clever.ClusterManager.Info.InfoAgent {291}- 
istanzio ModuleCommunicator(agentName), dove agentName: InfoAgent
org.clever.Common.CommunicatorPlugins.Dbus.CommunicatorDbus: init 2014-03-24 11:40:06,408 [main] INFO  DbusCommunicationPlugin {62}- Initializing the Dbus Communication plugin 
org.clever.Common.CommunicatorPlugins.Dbus.CommunicatorDbus: init 2014-03-24 11:40:06,409 [main] INFO  DbusCommunicationPlugin {65}- Creating the connection to the SessionBus 
org.clever.Common.CommunicatorPlugins.Dbus.CommunicatorDbus: init 2014-03-24 11:40:06,411 [main] DEBUG DbusCommunicationPlugin {71}- Creating the Service on Dbus org.clever.Common.CommunicatorPlugins.InfoAgentCM
org.clever.Common.CommunicatorPlugins.Dbus.CommunicatorDbus: init 2014-03-24 11:40:06,415 [main] DEBUG DbusCommunicationPlugin {74}- Creating the Object on Dbus /org/clever/Common/CommunicatorPlugins/Dbus/CleverDbusInterface/InfoAgent
org.clever.Common.Initiator.ModuleFactory.ModuleFactory: getInstance 2014-03-24 11:40:06,424 [main] DEBUG ModuleFactory {169}- ModuleFactory created: org.clever.Common.Initiator.ModuleFactory.ModuleFactoryMultiTasking
org.clever.ClusterManager.ClusterCoordinator.ClusterCoordinator: connectionManagement 2014-03-24 11:40:06,424 [main] INFO  ClusterCoordinator {284}- InfoAgent for CM created
org.clever.ClusterManager.ClusterCoordinator.ClusterCoordinator: start 2014-03-24 11:40:06,424 [main] INFO  ClusterCoordinator {456}- Starting procedure launching Agents for CM
org.clever.ClusterManager.ClusterCoordinator.ClusterCoordinator: start 2014-03-24 11:40:06,425 [main] INFO  ClusterCoordinator {462}- This CM is FORCED to launch his Agents
org.clever.Common.Initiator.ModuleFactory.ModuleFactoryMultiTasking: createAgent 2014-03-24 11:40:06,442 [main] INFO  ModuleFactory {86}- New process launched!
org.clever.Common.Initiator.ModuleFactory.ModuleFactoryMultiTasking: createAgent 2014-03-24 11:40:06,447 [main] INFO  ModuleFactory {104}- Thread ReplacementAgentDead abilitated
org.clever.Common.Initiator.ModuleFactory.ModuleFactoryMultiTasking: createAgent 2014-03-24 11:40:06,452 [main] INFO  ModuleFactory {111}- Thread for replacement started
org.clever.ClusterManager.ClusterCoordinator.ClusterCoordinator: launchAgents 2014-03-24 11:40:06,453 [main] DEBUG ClusterCoordinator {351}- Agent created: org.clever.ClusterManager.StorageManager.StorageManagerAgent
org.clever.Common.Initiator.ModuleFactory.ModuleFactoryMultiTasking: createAgent 2014-03-24 11:40:06,467 [main] INFO  ModuleFactory {130}- New process launched!
org.clever.Common.Initiator.ModuleFactory.ModuleFactoryMultiTasking: createAgent 2014-03-24 11:40:06,475 [main] INFO  ModuleFactory {145}- Thread ReplacementAgentDead abilitated
org.clever.Common.Initiator.ModuleFactory.ModuleFactoryMultiTasking: createAgent 2014-03-24 11:40:06,483 [main] INFO  ModuleFactory {152}- Thread for replacement started
org.clever.ClusterManager.ClusterCoordinator.ClusterCoordinator: launchAgents 2014-03-24 11:40:06,483 [main] DEBUG ClusterCoordinator {351}- Agent created: org.clever.ClusterManager.Test.TestAgent
org.clever.Common.Initiator.ModuleFactory.ModuleFactoryMultiTasking: createAgent 2014-03-24 11:40:06,494 [main] INFO  ModuleFactory {86}- New process launched!
org.clever.Common.Initiator.ModuleFactory.ModuleFactoryMultiTasking: createAgent 2014-03-24 11:40:06,496 [main] INFO  ModuleFactory {104}- Thread ReplacementAgentDead abilitated
org.clever.Common.Initiator.ModuleFactory.ModuleFactoryMultiTasking: createAgent 2014-03-24 11:40:06,502 [main] INFO  ModuleFactory {111}- Thread for replacement started
org.clever.ClusterManager.ClusterCoordinator.ClusterCoordinator: launchAgents 2014-03-24 11:40:06,502 [main] DEBUG ClusterCoordinator {351}- Agent created: org.clever.ClusterManager.DatabaseManager.DatabaseManagerAgent
org.clever.Common.Initiator.ModuleFactory.ModuleFactoryMultiTasking: createAgent 2014-03-24 11:40:06,519 [main] INFO  ModuleFactory {86}- New process launched!
org.clever.Common.Initiator.ModuleFactory.ModuleFactoryMultiTasking: createAgent 2014-03-24 11:40:06,527 [main] INFO  ModuleFactory {104}- Thread ReplacementAgentDead abilitated
org.clever.Common.Initiator.ModuleFactory.ModuleFactoryMultiTasking: createAgent 2014-03-24 11:40:06,534 [main] INFO  ModuleFactory {111}- Thread for replacement started
org.clever.ClusterManager.ClusterCoordinator.ClusterCoordinator: launchAgents 2014-03-24 11:40:06,534 [main] DEBUG ClusterCoordinator {351}- Agent created: org.clever.ClusterManager.VirtualizationManager.VirtualizationManagerAgent
org.clever.ClusterManager.ClusterCoordinator.ClusterCoordinator: launchAgents 2014-03-24 11:40:06,536 [main] DEBUG ClusterCoordinator {382}- Brain created: org.clever.ClusterManager.Brain.SensorBrain
org.clever.ClusterManager.ClusterCoordinator.ClusterCoordinator: launchAgents 2014-03-24 11:40:06,536 [main] INFO  ClusterCoordinator {423}- Cluster Coordinator created
org.clever.ClusterManager.ClusterCoordinator.ClusterCoordinator: launchAgents 2014-03-24 11:40:06,537 [main] INFO  ClusterCoordinator {433}- Shutdown procedure stared
org.clever.ClusterManager.ClusterCoordinator.ClusterCoordinator: tryActiveCC 2014-03-24 11:40:06,537 [main] INFO  ClusterCoordinator {292}- Start Election thread....
org.clever.ClusterManager.ClusterCoordinator.Main: <init> 2014-03-24 11:40:06,547 [main] INFO  Main_ClusterCoordinator {71}- 
dopo la start()

org.clever.Common.Initiator.ElectionThread: run 2014-03-24 11:40:06,547 [Thread-21] INFO  Election Thread for: cmricky {62}- Switching a cluster manager active
org.clever.Common.LoggingPlugins.Log4J.Log4J: <init> 2014-03-24 11:40:06,997 [main] INFO  LoggingAgent {76}- LoggingAgent plugin inizializzato:  
org.clever.Common.LoggingPlugins.Log4J.Log4J: creaDir 2014-03-24 11:40:07,014 [main] DEBUG LoggingAgent {599}- Ho creato: /home/riccardo/NetBeansProjects/clever-unime/trunk/clevercloud/LOGS/ClusterManager/StorageManager
org.clever.Common.Communicator.Agent: start 2014-03-24 11:40:07,095 [main] DEBUG org.clever.ClusterManager.Test.TestAgent {291}- 
istanzio ModuleCommunicator(agentName), dove agentName: TestAgent
org.clever.Common.LoggingPlugins.Log4J.Log4J: <init> 2014-03-24 11:40:07,222 [main] INFO  LoggingAgent {76}- LoggingAgent plugin inizializzato:  
org.clever.Common.LoggingPlugins.Log4J.Log4J: creaDir 2014-03-24 11:40:07,234 [main] DEBUG LoggingAgent {599}- Ho creato: /home/riccardo/NetBeansProjects/clever-unime/trunk/clevercloud/LOGS/ClusterManager/VirtualizationManager
org.clever.Common.Communicator.Agent: start 2014-03-24 11:40:07,283 [main] DEBUG org.clever.ClusterManager.StorageManager.StorageManagerAgent {291}- 
istanzio ModuleCommunicator(agentName), dove agentName: StorageManagerAgent
org.clever.Common.LoggingPlugins.Log4J.Log4J: <init> 2014-03-24 11:40:07,284 [main] INFO  LoggingAgent {76}- LoggingAgent plugin inizializzato:  
org.clever.Common.LoggingPlugins.Log4J.Log4J: creaDir 2014-03-24 11:40:07,297 [main] DEBUG LoggingAgent {599}- Ho creato: /home/riccardo/NetBeansProjects/clever-unime/trunk/clevercloud/LOGS/ClusterManager/DatabaseManager
org.clever.Common.CommunicatorPlugins.Dbus.CommunicatorDbus: init 2014-03-24 11:40:07,320 [main] INFO  DbusCommunicationPlugin {62}- Initializing the Dbus Communication plugin 
org.clever.Common.CommunicatorPlugins.Dbus.CommunicatorDbus: init 2014-03-24 11:40:07,446 [main] INFO  DbusCommunicationPlugin {62}- Initializing the Dbus Communication plugin 
org.clever.Common.Communicator.Agent: start 2014-03-24 11:40:07,494 [main] DEBUG org.clever.ClusterManager.VirtualizationManager.VirtualizationManagerAgent {291}- 
istanzio ModuleCommunicator(agentName), dove agentName: VirtualizationManagerAgent
org.clever.Common.CommunicatorPlugins.Dbus.CommunicatorDbus: init 2014-03-24 11:40:07,594 [main] INFO  DbusCommunicationPlugin {65}- Creating the connection to the SessionBus 
org.clever.Common.CommunicatorPlugins.Dbus.CommunicatorDbus: init 2014-03-24 11:40:07,601 [main] DEBUG DbusCommunicationPlugin {71}- Creating the Service on Dbus org.clever.Common.CommunicatorPlugins.TestAgentCM
org.clever.Common.CommunicatorPlugins.Dbus.CommunicatorDbus: init 2014-03-24 11:40:07,602 [main] DEBUG DbusCommunicationPlugin {74}- Creating the Object on Dbus /org/clever/Common/CommunicatorPlugins/Dbus/CleverDbusInterface/TestAgent
org.clever.Common.CommunicatorPlugins.Dbus.CommunicatorDbus: init 2014-03-24 11:40:07,622 [main] INFO  DbusCommunicationPlugin {62}- Initializing the Dbus Communication plugin 
org.clever.Common.CommunicatorPlugins.Dbus.CommunicatorDbus: init 2014-03-24 11:40:07,685 [main] INFO  DbusCommunicationPlugin {65}- Creating the connection to the SessionBus 
org.clever.Common.CommunicatorPlugins.Dbus.CommunicatorDbus: init 2014-03-24 11:40:07,689 [main] DEBUG DbusCommunicationPlugin {71}- Creating the Service on Dbus org.clever.Common.CommunicatorPlugins.StorageManagerAgentCM
org.clever.Common.CommunicatorPlugins.Dbus.CommunicatorDbus: init 2014-03-24 11:40:07,717 [main] DEBUG DbusCommunicationPlugin {74}- Creating the Object on Dbus /org/clever/Common/CommunicatorPlugins/Dbus/CleverDbusInterface/StorageManagerAgent
org.clever.Common.Communicator.Agent: getconfiguration 2014-03-24 11:40:07,735 [main] DEBUG org.clever.ClusterManager.StorageManager.StorageManagerAgent {203}- cfgfile:./cfg/configuration_StorageManager.xml
org.clever.Common.Communicator.Agent: getconfiguration 2014-03-24 11:40:07,735 [main] DEBUG org.clever.ClusterManager.StorageManager.StorageManagerAgent {204}- classpath:/org/clever/ClusterManager/StorageManager/configuration_StorageManager.xml
org.clever.Common.Communicator.Agent: getconfiguration 2014-03-24 11:40:07,736 [main] DEBUG org.clever.ClusterManager.StorageManager.StorageManagerAgent {214}- Configuration from localfile
org.clever.Common.XMLTools.ParserXML: printElementContentText 2014-03-24 11:40:07,745 [main] DEBUG ParserXML {269}- name ClassPlugin
org.clever.Common.XMLTools.ParserXML: printElementContentText 2014-03-24 11:40:07,750 [main] DEBUG ParserXML {270}- text org.clever.ClusterManager.StorageManagerPlugins.StorageManagerClever.StorageManager
org.clever.Common.XMLTools.ParserXML: printElementContentText 2014-03-24 11:40:07,751 [main] DEBUG ParserXML {269}- name writeOnCfgFolder
org.clever.Common.XMLTools.ParserXML: printElementContentText 2014-03-24 11:40:07,751 [main] DEBUG ParserXML {270}- text yes
org.clever.Common.XMLTools.ParserXML: printElementContentText 2014-03-24 11:40:07,752 [main] DEBUG ParserXML {269}- name moduleName
org.clever.Common.XMLTools.ParserXML: printElementContentText 2014-03-24 11:40:07,752 [main] DEBUG ParserXML {270}- text StorageManagerAgent
org.clever.Common.CommunicatorPlugins.Dbus.CommunicatorDbus: init 2014-03-24 11:40:07,801 [main] INFO  DbusCommunicationPlugin {65}- Creating the connection to the SessionBus 
org.clever.Common.CommunicatorPlugins.Dbus.CommunicatorDbus: init 2014-03-24 11:40:07,827 [main] DEBUG DbusCommunicationPlugin {71}- Creating the Service on Dbus org.clever.Common.CommunicatorPlugins.VirtualizationManagerAgentCM
org.clever.Common.CommunicatorPlugins.Dbus.CommunicatorDbus: init 2014-03-24 11:40:07,828 [main] DEBUG DbusCommunicationPlugin {74}- Creating the Object on Dbus /org/clever/Common/CommunicatorPlugins/Dbus/CleverDbusInterface/VirtualizationManagerAgent
org.clever.ClusterManager.VirtualizationManager.VirtualizationManagerAgent: initialization 2014-03-24 11:40:07,830 [main] INFO  org.clever.ClusterManager.VirtualizationManager.VirtualizationManagerAgent {77}- Read Configuration VirtualManager!
org.clever.Common.Communicator.Agent: getconfiguration 2014-03-24 11:40:07,830 [main] DEBUG org.clever.ClusterManager.VirtualizationManager.VirtualizationManagerAgent {203}- cfgfile:./cfg/configuration_VirtualizationManager.xml
org.clever.Common.Communicator.Agent: getconfiguration 2014-03-24 11:40:07,835 [main] DEBUG org.clever.ClusterManager.VirtualizationManager.VirtualizationManagerAgent {204}- classpath:/org/clever/ClusterManager/VirtualizationManager/configuration_VirtualizationManager.xml
org.clever.Common.Communicator.Agent: getconfiguration 2014-03-24 11:40:07,835 [main] DEBUG org.clever.ClusterManager.VirtualizationManager.VirtualizationManagerAgent {214}- Configuration from localfile
org.clever.Common.XMLTools.ParserXML: printElementContentText 2014-03-24 11:40:07,838 [main] DEBUG ParserXML {269}- name ClassPlugin
org.clever.Common.XMLTools.ParserXML: printElementContentText 2014-03-24 11:40:07,844 [main] DEBUG ParserXML {270}- text org.clever.ClusterManager.VirtualizationManagerPlugin.VirtualizationManagerClever
org.clever.Common.XMLTools.ParserXML: printElementContentText 2014-03-24 11:40:07,846 [main] DEBUG ParserXML {269}- name writeOnCfgFolder
org.clever.Common.XMLTools.ParserXML: printElementContentText 2014-03-24 11:40:07,848 [main] DEBUG ParserXML {270}- text yes
org.clever.Common.XMLTools.ParserXML: printElementContentText 2014-03-24 11:40:07,849 [main] DEBUG ParserXML {269}- name moduleName
org.clever.Common.XMLTools.ParserXML: printElementContentText 2014-03-24 11:40:07,849 [main] DEBUG ParserXML {270}- text VirtualizationManagerAgent
org.clever.Common.XMLTools.ParserXML: printElementContentText 2014-03-24 11:40:07,849 [main] DEBUG ParserXML {269}- name pluginParams
org.clever.Common.XMLTools.ParserXML: printElementContentText 2014-03-24 11:40:07,851 [main] DEBUG ParserXML {270}- text 
        
    
org.clever.Common.Communicator.ModuleCommunicator: invoke 2014-03-24 11:40:07,911 [main] DEBUG ModuleCommunicator {121}- Before sendRecv with has return: DatabaseManagerAgent
org.clever.Common.CommunicatorPlugins.Dbus.CommunicatorDbus: sendRecv 2014-03-24 11:40:08,191 [main] DEBUG DbusCommunicationPlugin {91}- Creating connection to remote object /org/clever/Common/CommunicatorPlugins/Dbus/CleverDbusInterface/DatabaseManagerAgent on bus org.clever.Common.CommunicatorPlugins.DatabaseManagerAgentCM
org.clever.Common.CommunicatorPlugins.Dbus.CommunicatorDbus: sendRecv 2014-03-24 11:40:08,202 [main] ERROR DbusCommunicationPlugin {120}- Error while sending message with sendRecv.
 Remote object /org/clever/Common/CommunicatorPlugins/Dbus/CleverDbusInterface/DatabaseManagerAgent on bus org.clever.Common.CommunicatorPlugins.DatabaseManagerAgentCM
Check if this object exists.
org.freedesktop.dbus.exceptions.DBusException: Failed to create proxy object for /org/clever/Common/CommunicatorPlugins/Dbus/CleverDbusInterface/DatabaseManagerAgent exported by org.clever.Common.CommunicatorPlugins.DatabaseManagerAgentCM. Reason: The name org.clever.Common.CommunicatorPlugins.DatabaseManagerAgentCM was not provided by any .service files
	at org.freedesktop.dbus.DBusConnection.dynamicProxy(DBusConnection.java:375)
	at org.freedesktop.dbus.DBusConnection.getRemoteObject(DBusConnection.java:532)
	at org.clever.Common.CommunicatorPlugins.Dbus.CommunicatorDbus.sendRecv(CommunicatorDbus.java:92)
	at org.clever.Common.Communicator.ModuleCommunicator.invoke(ModuleCommunicator.java:124)
	at org.clever.Common.Communicator.Agent.invoke(Agent.java:452)
	at org.clever.ClusterManager.VirtualizationManagerPlugin.VirtualizationManagerClever.checkMatchingVmHMNode(VirtualizationManagerClever.java:115)
	at org.clever.ClusterManager.VirtualizationManagerPlugin.VirtualizationManagerClever.init(VirtualizationManagerClever.java:85)
	at org.clever.Common.Communicator.Agent.startPlugin(Agent.java:164)
	at org.clever.Common.Communicator.Agent.startPlugin(Agent.java:145)
	at org.clever.ClusterManager.VirtualizationManager.VirtualizationManagerAgent.initialization(VirtualizationManagerAgent.java:78)
	at org.clever.Common.Communicator.Agent.main(Agent.java:499)
org.clever.Common.Communicator.ModuleCommunicator: invoke 2014-03-24 11:40:08,208 [main] DEBUG ModuleCommunicator {121}- Before sendRecv with has return: DatabaseManagerAgent
org.clever.Common.CommunicatorPlugins.Dbus.CommunicatorDbus: sendRecv 2014-03-24 11:40:08,221 [main] DEBUG DbusCommunicationPlugin {91}- Creating connection to remote object /org/clever/Common/CommunicatorPlugins/Dbus/CleverDbusInterface/DatabaseManagerAgent on bus org.clever.Common.CommunicatorPlugins.DatabaseManagerAgentCM
org.clever.Common.CommunicatorPlugins.Dbus.CommunicatorDbus: sendRecv 2014-03-24 11:40:08,224 [main] ERROR DbusCommunicationPlugin {120}- Error while sending message with sendRecv.
 Remote object /org/clever/Common/CommunicatorPlugins/Dbus/CleverDbusInterface/DatabaseManagerAgent on bus org.clever.Common.CommunicatorPlugins.DatabaseManagerAgentCM
Check if this object exists.
org.freedesktop.dbus.exceptions.DBusException: Failed to create proxy object for /org/clever/Common/CommunicatorPlugins/Dbus/CleverDbusInterface/DatabaseManagerAgent exported by org.clever.Common.CommunicatorPlugins.DatabaseManagerAgentCM. Reason: The name org.clever.Common.CommunicatorPlugins.DatabaseManagerAgentCM was not provided by any .service files
	at org.freedesktop.dbus.DBusConnection.dynamicProxy(DBusConnection.java:375)
	at org.freedesktop.dbus.DBusConnection.getRemoteObject(DBusConnection.java:532)
	at org.clever.Common.CommunicatorPlugins.Dbus.CommunicatorDbus.sendRecv(CommunicatorDbus.java:92)
	at org.clever.Common.Communicator.ModuleCommunicator.invoke(ModuleCommunicator.java:124)
	at org.clever.Common.Communicator.Agent.invoke(Agent.java:452)
	at org.clever.ClusterManager.VirtualizationManagerPlugin.VirtualizationManagerClever.initVmHMNodeDB(VirtualizationManagerClever.java:139)
	at org.clever.ClusterManager.VirtualizationManagerPlugin.VirtualizationManagerClever.init(VirtualizationManagerClever.java:86)
	at org.clever.Common.Communicator.Agent.startPlugin(Agent.java:164)
	at org.clever.Common.Communicator.Agent.startPlugin(Agent.java:145)
	at org.clever.ClusterManager.VirtualizationManager.VirtualizationManagerAgent.initialization(VirtualizationManagerAgent.java:78)
	at org.clever.Common.Communicator.Agent.main(Agent.java:499)
org.clever.Common.Communicator.ModuleCommunicator: invoke 2014-03-24 11:40:08,225 [main] DEBUG ModuleCommunicator {121}- Before sendRecv with has return: DatabaseManagerAgent
org.clever.Common.CommunicatorPlugins.Dbus.CommunicatorDbus: sendRecv 2014-03-24 11:40:08,231 [main] DEBUG DbusCommunicationPlugin {91}- Creating connection to remote object /org/clever/Common/CommunicatorPlugins/Dbus/CleverDbusInterface/DatabaseManagerAgent on bus org.clever.Common.CommunicatorPlugins.DatabaseManagerAgentCM
org.clever.Common.CommunicatorPlugins.Dbus.CommunicatorDbus: sendRecv 2014-03-24 11:40:08,242 [main] ERROR DbusCommunicationPlugin {120}- Error while sending message with sendRecv.
 Remote object /org/clever/Common/CommunicatorPlugins/Dbus/CleverDbusInterface/DatabaseManagerAgent on bus org.clever.Common.CommunicatorPlugins.DatabaseManagerAgentCM
Check if this object exists.
org.freedesktop.dbus.exceptions.DBusException: Failed to create proxy object for /org/clever/Common/CommunicatorPlugins/Dbus/CleverDbusInterface/DatabaseManagerAgent exported by org.clever.Common.CommunicatorPlugins.DatabaseManagerAgentCM. Reason: The name org.clever.Common.CommunicatorPlugins.DatabaseManagerAgentCM was not provided by any .service files
	at org.freedesktop.dbus.DBusConnection.dynamicProxy(DBusConnection.java:375)
	at org.freedesktop.dbus.DBusConnection.getRemoteObject(DBusConnection.java:532)
	at org.clever.Common.CommunicatorPlugins.Dbus.CommunicatorDbus.sendRecv(CommunicatorDbus.java:92)
	at org.clever.Common.Communicator.ModuleCommunicator.invoke(ModuleCommunicator.java:124)
	at org.clever.Common.Communicator.Agent.invoke(Agent.java:452)
	at org.clever.ClusterManager.VirtualizationManagerPlugin.VirtualizationManagerClever.checkVmRunningNode(VirtualizationManagerClever.java:107)
	at org.clever.ClusterManager.VirtualizationManagerPlugin.VirtualizationManagerClever.init(VirtualizationManagerClever.java:93)
	at org.clever.Common.Communicator.Agent.startPlugin(Agent.java:164)
	at org.clever.Common.Communicator.Agent.startPlugin(Agent.java:145)
	at org.clever.ClusterManager.VirtualizationManager.VirtualizationManagerAgent.initialization(VirtualizationManagerAgent.java:78)
	at org.clever.Common.Communicator.Agent.main(Agent.java:499)
org.clever.Common.Communicator.ModuleCommunicator: invoke 2014-03-24 11:40:08,243 [main] DEBUG ModuleCommunicator {121}- Before sendRecv with has return: DispatcherAgent
org.clever.Common.CommunicatorPlugins.Dbus.CommunicatorDbus: sendRecv 2014-03-24 11:40:08,247 [main] DEBUG DbusCommunicationPlugin {91}- Creating connection to remote object /org/clever/Common/CommunicatorPlugins/Dbus/CleverDbusInterface/DispatcherAgent on bus org.clever.Common.CommunicatorPlugins.DispatcherAgentCM
org.clever.Common.CommunicatorPlugins.Dbus.CommunicatorDbus: OnMessage 2014-03-24 11:40:08,263 [Thread-7] DEBUG DbusCommunicationPlugin {188}- Invoking handleMessage of : org.clever.Common.Communicator.ModuleCommunicator@10ccdd4
org.clever.Common.Communicator.ModuleCommunicator: handleMessage 2014-03-24 11:40:08,433 [Thread-7] DEBUG ModuleCommunicator {96}- >:( HandleMessage: /n<org.clever.Common.Communicator.MethodInvoker>
  <module>DispatcherAgent</module>
  <methodName>subscribeNotification</methodName>
  <params>
    <string>VirtualizationManagerAgent</string>
    <string>PRESENCE/HM</string>
  </params>
  <hasReturn>true</hasReturn>
</org.clever.Common.Communicator.MethodInvoker>
org.clever.Common.Communicator.Agent: handleInvocation 2014-03-24 11:40:08,435 [Thread-7] DEBUG org.clever.ClusterManager.Dispatcher.DispatcherAgent {382}- Method invoked: subscribeNotification
org.clever.Common.CommunicatorPlugins.Dbus.CommunicatorDbus: OnMessage 2014-03-24 11:40:08,447 [Thread-7] DEBUG DbusCommunicationPlugin {200}- Sending reply: <null/>
org.clever.Common.CommunicatorPlugins.Dbus.CommunicatorDbus: sendRecv 2014-03-24 11:40:08,464 [main] DEBUG DbusCommunicationPlugin {104}- Sending message to : DispatcherAgent : <org.clever.Common.Communicator.MethodInvoker>
  <module>DispatcherAgent</module>
  <methodName>subscribeNotification</methodName>
  <params>
    <string>VirtualizationManagerAgent</string>
    <string>PRESENCE/HM</string>
  </params>
  <hasReturn>true</hasReturn>
</org.clever.Common.Communicator.MethodInvoker>
org.clever.Common.CommunicatorPlugins.Dbus.CommunicatorDbus: sendRecv 2014-03-24 11:40:08,464 [main] DEBUG DbusCommunicationPlugin {106}- Sender Connection Closed
org.clever.Common.Communicator.ModuleCommunicator: invoke 2014-03-24 11:40:08,464 [main] DEBUG ModuleCommunicator {128}- After sendRecv with has return :<null/>
org.clever.Common.Communicator.ModuleCommunicator: invoke 2014-03-24 11:40:08,477 [main] DEBUG ModuleCommunicator {137}- Result :null
org.clever.Common.Communicator.ModuleCommunicator: invoke 2014-03-24 11:40:08,477 [main] DEBUG ModuleCommunicator {121}- Before sendRecv with has return: DispatcherAgent
org.clever.Common.CommunicatorPlugins.Dbus.CommunicatorDbus: sendRecv 2014-03-24 11:40:08,481 [main] DEBUG DbusCommunicationPlugin {91}- Creating connection to remote object /org/clever/Common/CommunicatorPlugins/Dbus/CleverDbusInterface/DispatcherAgent on bus org.clever.Common.CommunicatorPlugins.DispatcherAgentCM
org.clever.Common.CommunicatorPlugins.Dbus.CommunicatorDbus: OnMessage 2014-03-24 11:40:08,485 [Thread-7] DEBUG DbusCommunicationPlugin {188}- Invoking handleMessage of : org.clever.Common.Communicator.ModuleCommunicator@10ccdd4
org.clever.Common.Communicator.ModuleCommunicator: handleMessage 2014-03-24 11:40:08,500 [Thread-7] DEBUG ModuleCommunicator {96}- >:( HandleMessage: /n<org.clever.Common.Communicator.MethodInvoker>
  <module>DispatcherAgent</module>
  <methodName>subscribeNotification</methodName>
  <params>
    <string>VirtualizationManagerAgent</string>
    <string>Virtualization/RegisterVirtualDesktopHTML5</string>
  </params>
  <hasReturn>true</hasReturn>
</org.clever.Common.Communicator.MethodInvoker>
org.clever.Common.Communicator.Agent: handleInvocation 2014-03-24 11:40:08,500 [Thread-7] DEBUG org.clever.ClusterManager.Dispatcher.DispatcherAgent {382}- Method invoked: subscribeNotification
org.clever.Common.CommunicatorPlugins.Dbus.CommunicatorDbus: OnMessage 2014-03-24 11:40:08,507 [Thread-7] DEBUG DbusCommunicationPlugin {200}- Sending reply: <null/>
org.clever.Common.CommunicatorPlugins.Dbus.CommunicatorDbus: sendRecv 2014-03-24 11:40:08,535 [main] DEBUG DbusCommunicationPlugin {104}- Sending message to : DispatcherAgent : <org.clever.Common.Communicator.MethodInvoker>
  <module>DispatcherAgent</module>
  <methodName>subscribeNotification</methodName>
  <params>
    <string>VirtualizationManagerAgent</string>
    <string>Virtualization/RegisterVirtualDesktopHTML5</string>
  </params>
  <hasReturn>true</hasReturn>
</org.clever.Common.Communicator.MethodInvoker>
org.clever.Common.CommunicatorPlugins.Dbus.CommunicatorDbus: sendRecv 2014-03-24 11:40:08,535 [main] DEBUG DbusCommunicationPlugin {106}- Sender Connection Closed
org.clever.Common.Communicator.ModuleCommunicator: invoke 2014-03-24 11:40:08,535 [main] DEBUG ModuleCommunicator {128}- After sendRecv with has return :<null/>
org.clever.Common.Communicator.ModuleCommunicator: invoke 2014-03-24 11:40:08,540 [main] DEBUG ModuleCommunicator {137}- Result :null
org.clever.Common.Communicator.ModuleCommunicator: invoke 2014-03-24 11:40:08,540 [main] DEBUG ModuleCommunicator {121}- Before sendRecv with has return: DispatcherAgent
org.clever.Common.CommunicatorPlugins.Dbus.CommunicatorDbus: sendRecv 2014-03-24 11:40:08,546 [main] DEBUG DbusCommunicationPlugin {91}- Creating connection to remote object /org/clever/Common/CommunicatorPlugins/Dbus/CleverDbusInterface/DispatcherAgent on bus org.clever.Common.CommunicatorPlugins.DispatcherAgentCM
org.clever.Common.CommunicatorPlugins.Dbus.CommunicatorDbus: OnMessage 2014-03-24 11:40:08,552 [Thread-7] DEBUG DbusCommunicationPlugin {188}- Invoking handleMessage of : org.clever.Common.Communicator.ModuleCommunicator@10ccdd4
org.clever.Common.Communicator.ModuleCommunicator: handleMessage 2014-03-24 11:40:08,558 [Thread-7] DEBUG ModuleCommunicator {96}- >:( HandleMessage: /n<org.clever.Common.Communicator.MethodInvoker>
  <module>DispatcherAgent</module>
  <methodName>subscribeNotification</methodName>
  <params>
    <string>VirtualizationManagerAgent</string>
    <string>Virtualization/UnRegisterVirtualDesktopHTML5</string>
  </params>
  <hasReturn>true</hasReturn>
</org.clever.Common.Communicator.MethodInvoker>
org.clever.Common.Communicator.Agent: handleInvocation 2014-03-24 11:40:08,559 [Thread-7] DEBUG org.clever.ClusterManager.Dispatcher.DispatcherAgent {382}- Method invoked: subscribeNotification
org.clever.Common.CommunicatorPlugins.Dbus.CommunicatorDbus: OnMessage 2014-03-24 11:40:08,564 [Thread-7] DEBUG DbusCommunicationPlugin {200}- Sending reply: <null/>
org.clever.Common.CommunicatorPlugins.Dbus.CommunicatorDbus: sendRecv 2014-03-24 11:40:08,601 [main] DEBUG DbusCommunicationPlugin {104}- Sending message to : DispatcherAgent : <org.clever.Common.Communicator.MethodInvoker>
  <module>DispatcherAgent</module>
  <methodName>subscribeNotification</methodName>
  <params>
    <string>VirtualizationManagerAgent</string>
    <string>Virtualization/UnRegisterVirtualDesktopHTML5</string>
  </params>
  <hasReturn>true</hasReturn>
</org.clever.Common.Communicator.MethodInvoker>
org.clever.Common.CommunicatorPlugins.Dbus.CommunicatorDbus: sendRecv 2014-03-24 11:40:08,602 [main] DEBUG DbusCommunicationPlugin {106}- Sender Connection Closed
org.clever.Common.Communicator.ModuleCommunicator: invoke 2014-03-24 11:40:08,602 [main] DEBUG ModuleCommunicator {128}- After sendRecv with has return :<null/>
org.clever.Common.Communicator.ModuleCommunicator: invoke 2014-03-24 11:40:08,609 [main] DEBUG ModuleCommunicator {137}- Result :null
org.clever.Common.Communicator.ModuleCommunicator: invoke 2014-03-24 11:40:08,609 [main] DEBUG ModuleCommunicator {121}- Before sendRecv with has return: DispatcherAgent
org.clever.Common.CommunicatorPlugins.Dbus.CommunicatorDbus: sendRecv 2014-03-24 11:40:08,614 [main] DEBUG DbusCommunicationPlugin {91}- Creating connection to remote object /org/clever/Common/CommunicatorPlugins/Dbus/CleverDbusInterface/DispatcherAgent on bus org.clever.Common.CommunicatorPlugins.DispatcherAgentCM
org.clever.Common.CommunicatorPlugins.Dbus.CommunicatorDbus: OnMessage 2014-03-24 11:40:08,618 [Thread-7] DEBUG DbusCommunicationPlugin {188}- Invoking handleMessage of : org.clever.Common.Communicator.ModuleCommunicator@10ccdd4
org.clever.Common.Communicator.ModuleCommunicator: handleMessage 2014-03-24 11:40:08,625 [Thread-7] DEBUG ModuleCommunicator {96}- >:( HandleMessage: /n<org.clever.Common.Communicator.MethodInvoker>
  <module>DispatcherAgent</module>
  <methodName>subscribeNotification</methodName>
  <params>
    <string>VirtualizationManagerAgent</string>
    <string>Virtualization/VmStarted</string>
  </params>
  <hasReturn>true</hasReturn>
</org.clever.Common.Communicator.MethodInvoker>
org.clever.Common.Communicator.Agent: handleInvocation 2014-03-24 11:40:08,626 [Thread-7] DEBUG org.clever.ClusterManager.Dispatcher.DispatcherAgent {382}- Method invoked: subscribeNotification
org.clever.Common.CommunicatorPlugins.Dbus.CommunicatorDbus: OnMessage 2014-03-24 11:40:08,633 [Thread-7] DEBUG DbusCommunicationPlugin {200}- Sending reply: <null/>
org.clever.Common.CommunicatorPlugins.Dbus.CommunicatorDbus: sendRecv 2014-03-24 11:40:08,676 [main] DEBUG DbusCommunicationPlugin {104}- Sending message to : DispatcherAgent : <org.clever.Common.Communicator.MethodInvoker>
  <module>DispatcherAgent</module>
  <methodName>subscribeNotification</methodName>
  <params>
    <string>VirtualizationManagerAgent</string>
    <string>Virtualization/VmStarted</string>
  </params>
  <hasReturn>true</hasReturn>
</org.clever.Common.Communicator.MethodInvoker>
org.clever.Common.CommunicatorPlugins.Dbus.CommunicatorDbus: sendRecv 2014-03-24 11:40:08,677 [main] DEBUG DbusCommunicationPlugin {106}- Sender Connection Closed
org.clever.Common.Communicator.ModuleCommunicator: invoke 2014-03-24 11:40:08,677 [main] DEBUG ModuleCommunicator {128}- After sendRecv with has return :<null/>
org.clever.Common.Communicator.ModuleCommunicator: invoke 2014-03-24 11:40:08,681 [main] DEBUG ModuleCommunicator {137}- Result :null
org.clever.Common.Communicator.ModuleCommunicator: invoke 2014-03-24 11:40:08,681 [main] DEBUG ModuleCommunicator {121}- Before sendRecv with has return: DispatcherAgent
org.clever.Common.CommunicatorPlugins.Dbus.CommunicatorDbus: sendRecv 2014-03-24 11:40:08,686 [main] DEBUG DbusCommunicationPlugin {91}- Creating connection to remote object /org/clever/Common/CommunicatorPlugins/Dbus/CleverDbusInterface/DispatcherAgent on bus org.clever.Common.CommunicatorPlugins.DispatcherAgentCM
org.clever.Common.CommunicatorPlugins.Dbus.CommunicatorDbus: OnMessage 2014-03-24 11:40:08,691 [Thread-7] DEBUG DbusCommunicationPlugin {188}- Invoking handleMessage of : org.clever.Common.Communicator.ModuleCommunicator@10ccdd4
org.clever.Common.Communicator.ModuleCommunicator: handleMessage 2014-03-24 11:40:08,697 [Thread-7] DEBUG ModuleCommunicator {96}- >:( HandleMessage: /n<org.clever.Common.Communicator.MethodInvoker>
  <module>DispatcherAgent</module>
  <methodName>subscribeNotification</methodName>
  <params>
    <string>VirtualizationManagerAgent</string>
    <string>Virtualization/VmCreated</string>
  </params>
  <hasReturn>true</hasReturn>
</org.clever.Common.Communicator.MethodInvoker>
org.clever.Common.Communicator.Agent: handleInvocation 2014-03-24 11:40:08,697 [Thread-7] DEBUG org.clever.ClusterManager.Dispatcher.DispatcherAgent {382}- Method invoked: subscribeNotification
org.clever.Common.CommunicatorPlugins.Dbus.CommunicatorDbus: OnMessage 2014-03-24 11:40:08,700 [Thread-7] DEBUG DbusCommunicationPlugin {200}- Sending reply: <null/>
org.clever.Common.CommunicatorPlugins.Dbus.CommunicatorDbus: sendRecv 2014-03-24 11:40:08,741 [main] DEBUG DbusCommunicationPlugin {104}- Sending message to : DispatcherAgent : <org.clever.Common.Communicator.MethodInvoker>
  <module>DispatcherAgent</module>
  <methodName>subscribeNotification</methodName>
  <params>
    <string>VirtualizationManagerAgent</string>
    <string>Virtualization/VmCreated</string>
  </params>
  <hasReturn>true</hasReturn>
</org.clever.Common.Communicator.MethodInvoker>
org.clever.Common.CommunicatorPlugins.Dbus.CommunicatorDbus: sendRecv 2014-03-24 11:40:08,741 [main] DEBUG DbusCommunicationPlugin {106}- Sender Connection Closed
org.clever.Common.Communicator.ModuleCommunicator: invoke 2014-03-24 11:40:08,742 [main] DEBUG ModuleCommunicator {128}- After sendRecv with has return :<null/>
org.clever.Common.Communicator.ModuleCommunicator: invoke 2014-03-24 11:40:08,751 [main] DEBUG ModuleCommunicator {137}- Result :null
org.clever.Common.Communicator.ModuleCommunicator: invoke 2014-03-24 11:40:08,752 [main] DEBUG ModuleCommunicator {121}- Before sendRecv with has return: DispatcherAgent
org.clever.Common.CommunicatorPlugins.Dbus.CommunicatorDbus: sendRecv 2014-03-24 11:40:08,763 [main] DEBUG DbusCommunicationPlugin {91}- Creating connection to remote object /org/clever/Common/CommunicatorPlugins/Dbus/CleverDbusInterface/DispatcherAgent on bus org.clever.Common.CommunicatorPlugins.DispatcherAgentCM
org.clever.Common.CommunicatorPlugins.Dbus.CommunicatorDbus: OnMessage 2014-03-24 11:40:08,768 [Thread-7] DEBUG DbusCommunicationPlugin {188}- Invoking handleMessage of : org.clever.Common.Communicator.ModuleCommunicator@10ccdd4
org.clever.Common.Communicator.ModuleCommunicator: handleMessage 2014-03-24 11:40:08,773 [Thread-7] DEBUG ModuleCommunicator {96}- >:( HandleMessage: /n<org.clever.Common.Communicator.MethodInvoker>
  <module>DispatcherAgent</module>
  <methodName>subscribeNotification</methodName>
  <params>
    <string>VirtualizationManagerAgent</string>
    <string>Virtualization/VmImported</string>
  </params>
  <hasReturn>true</hasReturn>
</org.clever.Common.Communicator.MethodInvoker>
org.clever.Common.Communicator.Agent: handleInvocation 2014-03-24 11:40:08,773 [Thread-7] DEBUG org.clever.ClusterManager.Dispatcher.DispatcherAgent {382}- Method invoked: subscribeNotification
org.clever.Common.CommunicatorPlugins.Dbus.CommunicatorDbus: OnMessage 2014-03-24 11:40:08,776 [Thread-7] DEBUG DbusCommunicationPlugin {200}- Sending reply: <null/>
org.clever.Common.CommunicatorPlugins.Dbus.CommunicatorDbus: sendRecv 2014-03-24 11:40:08,817 [main] DEBUG DbusCommunicationPlugin {104}- Sending message to : DispatcherAgent : <org.clever.Common.Communicator.MethodInvoker>
  <module>DispatcherAgent</module>
  <methodName>subscribeNotification</methodName>
  <params>
    <string>VirtualizationManagerAgent</string>
    <string>Virtualization/VmImported</string>
  </params>
  <hasReturn>true</hasReturn>
</org.clever.Common.Communicator.MethodInvoker>
org.clever.Common.CommunicatorPlugins.Dbus.CommunicatorDbus: sendRecv 2014-03-24 11:40:08,818 [main] DEBUG DbusCommunicationPlugin {106}- Sender Connection Closed
org.clever.Common.Communicator.ModuleCommunicator: invoke 2014-03-24 11:40:08,818 [main] DEBUG ModuleCommunicator {128}- After sendRecv with has return :<null/>
org.clever.Common.Communicator.ModuleCommunicator: invoke 2014-03-24 11:40:08,829 [main] DEBUG ModuleCommunicator {137}- Result :null
org.clever.Common.Initiator.ModuleFactory.ModuleFactoryMultiTasking: createAgent 2014-03-24 11:40:13,732 [Thread-17] INFO  ModuleFactory {130}- New process launched!
org.clever.Common.Initiator.ModuleFactory.ModuleFactoryMultiTasking: createAgent 2014-03-24 11:40:13,733 [Thread-17] INFO  ModuleFactory {145}- Thread ReplacementAgentDead abilitated
org.clever.Common.Initiator.ModuleFactory.ModuleFactoryMultiTasking: createAgent 2014-03-24 11:40:13,749 [Thread-17] INFO  ModuleFactory {152}- Thread for replacement started
org.clever.Common.LoggingPlugins.Log4J.Log4J: <init> 2014-03-24 11:40:13,983 [main] INFO  LoggingAgent {76}- LoggingAgent plugin inizializzato:  
org.clever.Common.LoggingPlugins.Log4J.Log4J: creaDir 2014-03-24 11:40:13,990 [main] ERROR LoggingAgent {601}- Impossibile creare: /home/riccardo/NetBeansProjects/clever-unime/trunk/clevercloud/LOGS/ClusterManager/DatabaseManager
org.clever.Common.XMPPCommunicator.ConnectionXMPP: joinInRoom 2014-03-24 11:40:15,318 [Thread-21] INFO  XMPPCommunicator {250}- Creating room: SHELL-room@conference.riccardo with nickname: cmricky
org.clever.HostManager.Dispatcher.NotificationThread: run 2014-03-24 11:40:15,322 [NotificationThread] DEBUG NotificationThread {88}- X?X target=cmricky
org.clever.Common.XMPPCommunicator.ConnectionXMPP: joinInRoom 2014-03-24 11:40:15,328 [Thread-21] INFO  XMPPCommunicator {256}- Created room: SHELL-room@conference.riccardo with nickname: cmricky
org.clever.Common.XMPPCommunicator.RoomListener: <init> 2014-03-24 11:40:15,329 [Thread-21] DEBUG RoomListener {55}- roomlistener added: 
org.clever.Common.XMPPCommunicator.ConnectionXMPP: sendMessage 2014-03-24 11:40:15,330 [NotificationThread] DEBUG XMPPCommunicator {432}- Sending message: <?xml version="1.0" encoding="UTF-8"?>
<message id="97068818" type="NOTIFY">
  <source>hmricky</source>
  <destination>cmricky</destination>
  <timestamp>Mon Mar 24 11:40:15 CET 2014</timestamp>
  <replyToMsg>0</replyToMsg>
  <hasReply>false</hasReply>
  <body>
    <notification useAttachementId="true">
      <hostId>hmricky</hostId>
      <agentId />
      <notificationId>PRESENCE/HM</notificationId>
    </notification>
  </body>
  <attachement id="0"><![CDATA[<null/>]]></attachement>
</message>


org.clever.Common.XMPPCommunicator.ConnectionXMPP: sendMessage 2014-03-24 11:40:15,330 [NotificationThread] DEBUG XMPPCommunicator {442}- Chat toward cmricky@riccardo not found
org.clever.Common.XMPPCommunicator.CleverChatManagerListener: chatCreated 2014-03-24 11:40:15,333 [NotificationThread] INFO  XMPPCommunicator {92}- Chat created with: cmricky@riccardo createdLocally: true
org.clever.Common.XMPPCommunicator.ConnectionXMPP: sendMessage 2014-03-24 11:40:15,334 [NotificationThread] DEBUG XMPPCommunicator {449}- sending message
org.clever.Common.XMPPCommunicator.ConnectionXMPP: sendMessage 2014-03-24 11:40:15,337 [NotificationThread] DEBUG XMPPCommunicator {451}- message sent
org.clever.Common.XMPPCommunicator.CleverChatManagerListener: chatCreated 2014-03-24 11:40:15,344 [Smack Listener Processor (0)] INFO  XMPPCommunicator {92}- Chat created with: hmricky@riccardo createdLocally: false
org.clever.ClusterManager.ClusterCoordinator.ClusterCoordinator: handleCleverMessage 2014-03-24 11:40:15,362 [Smack Listener Processor (0)] DEBUG ClusterCoordinator {520}- Message: <?xml version="1.0" encoding="UTF-8"?>
<message id="97068818" type="NOTIFY">
  <source>hmricky</source>
  <destination>cmricky</destination>
  <timestamp>Mon Mar 24 11:40:15 CET 2014</timestamp>
  <replyToMsg>0</replyToMsg>
  <hasReply>false</hasReply>
  <body>
    <notification useAttachementId="true">
      <hostId>hmricky</hostId>
      <agentId />
      <notificationId>PRESENCE/HM</notificationId>
    </notification>
  </body>
  <attachement id="0"><![CDATA[<null/>]]></attachement>
</message>


org.clever.Common.Communicator.ThreadMessageDispatcher: run 2014-03-24 11:40:15,364 [messageDispatcher] DEBUG ThreadDispatcher {117}- $% thread aperto
org.clever.Common.Communicator.ModuleCommunicator: invoke 2014-03-24 11:40:15,372 [ThreadMessageHandler] DEBUG ModuleCommunicator {121}- Before sendRecv with has return: VirtualizationManagerAgent
org.clever.Common.CommunicatorPlugins.Dbus.CommunicatorDbus: sendRecv 2014-03-24 11:40:15,384 [ThreadMessageHandler] DEBUG DbusCommunicationPlugin {91}- Creating connection to remote object /org/clever/Common/CommunicatorPlugins/Dbus/CleverDbusInterface/VirtualizationManagerAgent on bus org.clever.Common.CommunicatorPlugins.VirtualizationManagerAgentCM
org.clever.Common.CommunicatorPlugins.Dbus.CommunicatorDbus: OnMessage 2014-03-24 11:40:15,397 [Thread-1] DEBUG DbusCommunicationPlugin {188}- Invoking handleMessage of : org.clever.Common.Communicator.ModuleCommunicator@1f0eb99
org.clever.Common.Communicator.ModuleCommunicator: handleMessage 2014-03-24 11:40:15,421 [Thread-1] DEBUG ModuleCommunicator {96}- >:( HandleMessage: /n<org.clever.Common.Communicator.MethodInvoker>
  <module>VirtualizationManagerAgent</module>
  <methodName>handleNotification</methodName>
  <params>
    <org.clever.Common.Communicator.Notification>
      <id>PRESENCE/HM</id>
      <hostId>hmricky</hostId>
      <agentId></agentId>
    </org.clever.Common.Communicator.Notification>
  </params>
  <hasReturn>true</hasReturn>
</org.clever.Common.Communicator.MethodInvoker>
org.clever.ClusterManager.VirtualizationManager.VirtualizationManagerAgent: handleNotification 2014-03-24 11:40:15,421 [Thread-1] DEBUG org.clever.ClusterManager.VirtualizationManager.VirtualizationManagerAgent {168}- Received notification type: PRESENCE/HM
org.clever.ClusterManager.VirtualizationManager.VirtualizationManagerAgent: handleNotification 2014-03-24 11:40:15,422 [Thread-1] DEBUG org.clever.ClusterManager.VirtualizationManager.VirtualizationManagerAgent {243}- Received notification type: PRESENCE/HM
org.clever.Common.Communicator.ModuleCommunicator: invoke 2014-03-24 11:40:15,422 [Thread-1] DEBUG ModuleCommunicator {121}- Before sendRecv with has return: DispatcherAgent
org.clever.Common.CommunicatorPlugins.Dbus.CommunicatorDbus: sendRecv 2014-03-24 11:40:15,427 [Thread-1] DEBUG DbusCommunicationPlugin {91}- Creating connection to remote object /org/clever/Common/CommunicatorPlugins/Dbus/CleverDbusInterface/DispatcherAgent on bus org.clever.Common.CommunicatorPlugins.DispatcherAgentCM
org.clever.Common.CommunicatorPlugins.Dbus.CommunicatorDbus: OnMessage 2014-03-24 11:40:15,434 [Thread-6] DEBUG DbusCommunicationPlugin {188}- Invoking handleMessage of : org.clever.Common.Communicator.ModuleCommunicator@10ccdd4
org.clever.Common.Communicator.ModuleCommunicator: handleMessage 2014-03-24 11:40:15,444 [Thread-6] DEBUG ModuleCommunicator {96}- >:( HandleMessage: /n<org.clever.Common.Communicator.MethodInvoker>
  <module>DispatcherAgent</module>
  <methodName>dispatchToExtern</methodName>
  <params>
    <org.clever.Common.Communicator.MethodInvoker>
      <module>HyperVisorAgent</module>
      <methodName>listHVms</methodName>
      <params/>
      <hasReturn>true</hasReturn>
    </org.clever.Common.Communicator.MethodInvoker>
    <string>hmricky</string>
  </params>
  <hasReturn>true</hasReturn>
</org.clever.Common.Communicator.MethodInvoker>
org.clever.Common.Communicator.RequestsManager: addSyncRequestPending 2014-03-24 11:40:15,459 [Thread-6] DEBUG org.clever.Common.Communicator.RequestsManager {88}- Sync Request added from: cmricky id: 725938415 new id (differ for EXTERNAL): 1001104341
org.clever.Common.XMPPCommunicator.ConnectionXMPP: sendMessage 2014-03-24 11:40:15,461 [Thread-6] DEBUG XMPPCommunicator {432}- Sending message: <?xml version="1.0" encoding="UTF-8"?>
<message id="1001104341" type="REQUEST">
  <source>cmricky</source>
  <destination>hmricky</destination>
  <timestamp>Mon Mar 24 11:40:15 CET 2014</timestamp>
  <replyToMsg>0</replyToMsg>
  <hasReply>true</hasReply>
  <body>
    <exec>
      <operation>listHVms</operation>
      <module>HyperVisorAgent</module>
    </exec>
  </body>
</message>


org.clever.Common.XMPPCommunicator.ConnectionXMPP: sendMessage 2014-03-24 11:40:15,462 [Thread-6] DEBUG XMPPCommunicator {449}- sending message
org.clever.Common.XMPPCommunicator.ConnectionXMPP: sendMessage 2014-03-24 11:40:15,465 [Thread-6] DEBUG XMPPCommunicator {451}- message sent
org.clever.HostManager.HostCoordinator.HostCoordinator: handleCleverMessage 2014-03-24 11:40:15,579 [Smack Listener Processor (0)] DEBUG HostCoordinatorHM {233}- Message: <?xml version="1.0" encoding="UTF-8"?>
<message id="1001104341" type="REQUEST">
  <source>cmricky</source>
  <destination>hmricky</destination>
  <timestamp>Mon Mar 24 11:40:15 CET 2014</timestamp>
  <replyToMsg>0</replyToMsg>
  <hasReply>true</hasReply>
  <body>
    <exec>
      <operation>listHVms</operation>
      <module>HyperVisorAgent</module>
    </exec>
  </body>
</message>


org.clever.HostManager.HostCoordinator.HostCoordinator: methodDispatcher 2014-03-24 11:40:15,584 [Smack Listener Processor (0)] DEBUG HostCoordinatorHM {255}- INFO: listHVmsHyperVisorAgent
org.clever.Common.Communicator.ModuleCommunicator: invoke 2014-03-24 11:40:15,584 [Smack Listener Processor (0)] DEBUG ModuleCommunicator {121}- Before sendRecv with has return: HyperVisorAgent
org.clever.Common.CommunicatorPlugins.Dbus.CommunicatorDbus: sendRecv 2014-03-24 11:40:15,600 [Smack Listener Processor (0)] DEBUG DbusCommunicationPlugin {91}- Creating connection to remote object /org/clever/Common/CommunicatorPlugins/Dbus/CleverDbusInterface/HyperVisorAgent on bus org.clever.Common.CommunicatorPlugins.HyperVisorAgentHM
org.clever.Common.CommunicatorPlugins.Dbus.CommunicatorDbus: OnMessage 2014-03-24 11:40:15,612 [Thread-3] DEBUG DbusCommunicationPlugin {188}- Invoking handleMessage of : org.clever.Common.Communicator.ModuleCommunicator@118424f
org.clever.Common.Communicator.ModuleCommunicator: handleMessage 2014-03-24 11:40:15,870 [Thread-3] DEBUG ModuleCommunicator {96}- >:( HandleMessage: /n<org.clever.Common.Communicator.MethodInvoker>
  <module>HyperVisorAgent</module>
  <methodName>listHVms</methodName>
  <hasReturn>true</hasReturn>
</org.clever.Common.Communicator.MethodInvoker>
org.clever.Common.Communicator.Agent: handleInvocation 2014-03-24 11:40:15,874 [Thread-3] DEBUG org.clever.HostManager.HyperVisor.HyperVisorAgent {382}- Method invoked: listHVms
org.clever.Common.CommunicatorPlugins.Dbus.CommunicatorDbus: OnMessage 2014-03-24 11:40:15,897 [Thread-3] DEBUG DbusCommunicationPlugin {200}- Sending reply: <list/>
org.clever.Common.CommunicatorPlugins.Dbus.CommunicatorDbus: sendRecv 2014-03-24 11:40:15,916 [Smack Listener Processor (0)] DEBUG DbusCommunicationPlugin {104}- Sending message to : HyperVisorAgent : <org.clever.Common.Communicator.MethodInvoker>
  <module>HyperVisorAgent</module>
  <methodName>listHVms</methodName>
  <hasReturn>true</hasReturn>
</org.clever.Common.Communicator.MethodInvoker>
org.clever.Common.CommunicatorPlugins.Dbus.CommunicatorDbus: sendRecv 2014-03-24 11:40:15,917 [Smack Listener Processor (0)] DEBUG DbusCommunicationPlugin {106}- Sender Connection Closed
org.clever.Common.Communicator.ModuleCommunicator: invoke 2014-03-24 11:40:15,917 [Smack Listener Processor (0)] DEBUG ModuleCommunicator {128}- After sendRecv with has return :<list/>
org.clever.Common.Communicator.ModuleCommunicator: invoke 2014-03-24 11:40:15,929 [Smack Listener Processor (0)] DEBUG ModuleCommunicator {137}- Result :[]
org.clever.Common.XMPPCommunicator.ConnectionXMPP: sendMessage 2014-03-24 11:40:15,936 [Smack Listener Processor (0)] DEBUG XMPPCommunicator {432}- Sending message: <?xml version="1.0" encoding="UTF-8"?>
<message id="187219102" type="REPLY">
  <source>hmricky</source>
  <destination>cmricky</destination>
  <timestamp>Mon Mar 24 11:40:15 CET 2014</timestamp>
  <replyToMsg>1001104341</replyToMsg>
  <hasReply>false</hasReply>
  <body>
    <result type="OBJECT" useAttachementId="true">
      <module>HyperVisorAgent</module>
      <operation>listHVms</operation>
    </result>
  </body>
  <attachement id="0"><![CDATA[<list/>]]></attachement>
</message>


org.clever.Common.XMPPCommunicator.ConnectionXMPP: sendMessage 2014-03-24 11:40:15,937 [Smack Listener Processor (0)] DEBUG XMPPCommunicator {449}- sending message
org.clever.Common.XMPPCommunicator.ConnectionXMPP: sendMessage 2014-03-24 11:40:15,940 [Smack Listener Processor (0)] DEBUG XMPPCommunicator {451}- message sent
org.clever.ClusterManager.ClusterCoordinator.ClusterCoordinator: handleCleverMessage 2014-03-24 11:40:15,946 [Smack Listener Processor (0)] DEBUG ClusterCoordinator {520}- Message: <?xml version="1.0" encoding="UTF-8"?>
<message id="187219102" type="REPLY">
  <source>hmricky</source>
  <destination>cmricky</destination>
  <timestamp>Mon Mar 24 11:40:15 CET 2014</timestamp>
  <replyToMsg>1001104341</replyToMsg>
  <hasReply>false</hasReply>
  <body>
    <result type="OBJECT" useAttachementId="true">
      <module>HyperVisorAgent</module>
      <operation>listHVms</operation>
    </result>
  </body>
  <attachement id="0"><![CDATA[<list/>]]></attachement>
</message>


org.clever.Common.Communicator.ThreadMessageDispatcher: run 2014-03-24 11:40:15,946 [messageDispatcher] DEBUG ThreadDispatcher {117}- $% thread aperto
org.clever.Common.Communicator.ThreadMessageHandler: run 2014-03-24 11:40:15,947 [ThreadMessageHandler] DEBUG org.clever.Common.Communicator.ThreadMessageHandler {88}- Reply received
org.clever.Common.Communicator.Agent: handleInvocation 2014-03-24 11:40:15,960 [Thread-6] DEBUG org.clever.ClusterManager.Dispatcher.DispatcherAgent {382}- Method invoked: dispatchToExtern
org.clever.Common.CommunicatorPlugins.Dbus.CommunicatorDbus: OnMessage 2014-03-24 11:40:15,963 [Thread-6] DEBUG DbusCommunicationPlugin {200}- Sending reply: <list/>
org.clever.Common.CommunicatorPlugins.Dbus.CommunicatorDbus: sendRecv 2014-03-24 11:40:15,984 [Thread-1] DEBUG DbusCommunicationPlugin {104}- Sending message to : DispatcherAgent : <org.clever.Common.Communicator.MethodInvoker>
  <module>DispatcherAgent</module>
  <methodName>dispatchToExtern</methodName>
  <params>
    <org.clever.Common.Communicator.MethodInvoker>
      <module>HyperVisorAgent</module>
      <methodName>listHVms</methodName>
      <params/>
      <hasReturn>true</hasReturn>
    </org.clever.Common.Communicator.MethodInvoker>
    <string>hmricky</string>
  </params>
  <hasReturn>true</hasReturn>
</org.clever.Common.Communicator.MethodInvoker>
org.clever.Common.CommunicatorPlugins.Dbus.CommunicatorDbus: sendRecv 2014-03-24 11:40:15,985 [Thread-1] DEBUG DbusCommunicationPlugin {106}- Sender Connection Closed
org.clever.Common.Communicator.ModuleCommunicator: invoke 2014-03-24 11:40:15,985 [Thread-1] DEBUG ModuleCommunicator {128}- After sendRecv with has return :<list/>
org.clever.Common.Communicator.ModuleCommunicator: invoke 2014-03-24 11:40:15,997 [Thread-1] DEBUG ModuleCommunicator {137}- Result :[]
org.clever.Common.Communicator.ModuleCommunicator: invoke 2014-03-24 11:40:15,998 [Thread-1] DEBUG ModuleCommunicator {121}- Before sendRecv with has return: DatabaseManagerAgent
org.clever.Common.CommunicatorPlugins.Dbus.CommunicatorDbus: sendRecv 2014-03-24 11:40:16,002 [Thread-1] DEBUG DbusCommunicationPlugin {91}- Creating connection to remote object /org/clever/Common/CommunicatorPlugins/Dbus/CleverDbusInterface/DatabaseManagerAgent on bus org.clever.Common.CommunicatorPlugins.DatabaseManagerAgentCM
org.clever.Common.CommunicatorPlugins.Dbus.CommunicatorDbus: sendRecv 2014-03-24 11:40:16,006 [Thread-1] ERROR DbusCommunicationPlugin {120}- Error while sending message with sendRecv.
 Remote object /org/clever/Common/CommunicatorPlugins/Dbus/CleverDbusInterface/DatabaseManagerAgent on bus org.clever.Common.CommunicatorPlugins.DatabaseManagerAgentCM
Check if this object exists.
org.freedesktop.dbus.exceptions.DBusException: Failed to create proxy object for /org/clever/Common/CommunicatorPlugins/Dbus/CleverDbusInterface/DatabaseManagerAgent exported by org.clever.Common.CommunicatorPlugins.DatabaseManagerAgentCM. Reason: The name org.clever.Common.CommunicatorPlugins.DatabaseManagerAgentCM was not provided by any .service files
	at org.freedesktop.dbus.DBusConnection.dynamicProxy(DBusConnection.java:375)
	at org.freedesktop.dbus.DBusConnection.getRemoteObject(DBusConnection.java:532)
	at org.clever.Common.CommunicatorPlugins.Dbus.CommunicatorDbus.sendRecv(CommunicatorDbus.java:92)
	at org.clever.Common.Communicator.ModuleCommunicator.invoke(ModuleCommunicator.java:124)
	at org.clever.Common.Communicator.Agent.invoke(Agent.java:452)
	at org.clever.ClusterManager.VirtualizationManagerPlugin.VirtualizationManagerClever.listVm(VirtualizationManagerClever.java:854)
	at org.clever.ClusterManager.VirtualizationManagerPlugin.VirtualizationManagerClever.manageReUpHost(VirtualizationManagerClever.java:878)
	at org.clever.ClusterManager.VirtualizationManager.VirtualizationManagerAgent.handleNotification(VirtualizationManagerAgent.java:247)
	at sun.reflect.NativeMethodAccessorImpl.invoke0(Native Method)
	at sun.reflect.NativeMethodAccessorImpl.invoke(NativeMethodAccessorImpl.java:57)
	at sun.reflect.DelegatingMethodAccessorImpl.invoke(DelegatingMethodAccessorImpl.java:43)
	at java.lang.reflect.Method.invoke(Method.java:606)
	at org.clever.Common.Communicator.Agent.handleInvocation(Agent.java:330)
	at org.clever.Common.Communicator.ModuleCommunicator.handleMessage(ModuleCommunicator.java:99)
	at org.clever.Common.CommunicatorPlugins.Dbus.CommunicatorDbus.OnMessage(CommunicatorDbus.java:189)
	at sun.reflect.NativeMethodAccessorImpl.invoke0(Native Method)
	at sun.reflect.NativeMethodAccessorImpl.invoke(NativeMethodAccessorImpl.java:57)
	at sun.reflect.DelegatingMethodAccessorImpl.invoke(DelegatingMethodAccessorImpl.java:43)
	at java.lang.reflect.Method.invoke(Method.java:606)
	at org.freedesktop.dbus.AbstractConnection$1.run(AbstractConnection.java:785)
	at org.freedesktop.dbus.AbstractConnection$_workerthread.run(AbstractConnection.java:169)
org.clever.Common.Communicator.ModuleCommunicator: invoke 2014-03-24 11:40:16,007 [Thread-1] DEBUG ModuleCommunicator {121}- Before sendRecv with has return: DatabaseManagerAgent
org.clever.Common.CommunicatorPlugins.Dbus.CommunicatorDbus: sendRecv 2014-03-24 11:40:16,016 [Thread-1] DEBUG DbusCommunicationPlugin {91}- Creating connection to remote object /org/clever/Common/CommunicatorPlugins/Dbus/CleverDbusInterface/DatabaseManagerAgent on bus org.clever.Common.CommunicatorPlugins.DatabaseManagerAgentCM
org.clever.Common.CommunicatorPlugins.Dbus.CommunicatorDbus: sendRecv 2014-03-24 11:40:16,019 [Thread-1] ERROR DbusCommunicationPlugin {120}- Error while sending message with sendRecv.
 Remote object /org/clever/Common/CommunicatorPlugins/Dbus/CleverDbusInterface/DatabaseManagerAgent on bus org.clever.Common.CommunicatorPlugins.DatabaseManagerAgentCM
Check if this object exists.
org.freedesktop.dbus.exceptions.DBusException: Failed to create proxy object for /org/clever/Common/CommunicatorPlugins/Dbus/CleverDbusInterface/DatabaseManagerAgent exported by org.clever.Common.CommunicatorPlugins.DatabaseManagerAgentCM. Reason: The name org.clever.Common.CommunicatorPlugins.DatabaseManagerAgentCM was not provided by any .service files
	at org.freedesktop.dbus.DBusConnection.dynamicProxy(DBusConnection.java:375)
	at org.freedesktop.dbus.DBusConnection.getRemoteObject(DBusConnection.java:532)
	at org.clever.Common.CommunicatorPlugins.Dbus.CommunicatorDbus.sendRecv(CommunicatorDbus.java:92)
	at org.clever.Common.Communicator.ModuleCommunicator.invoke(ModuleCommunicator.java:124)
	at org.clever.Common.Communicator.Agent.invoke(Agent.java:452)
	at org.clever.ClusterManager.VirtualizationManagerPlugin.VirtualizationManagerClever.listVm(VirtualizationManagerClever.java:854)
	at org.clever.ClusterManager.VirtualizationManagerPlugin.VirtualizationManagerClever.manageReUpHost(VirtualizationManagerClever.java:893)
	at org.clever.ClusterManager.VirtualizationManager.VirtualizationManagerAgent.handleNotification(VirtualizationManagerAgent.java:247)
	at sun.reflect.NativeMethodAccessorImpl.invoke0(Native Method)
	at sun.reflect.NativeMethodAccessorImpl.invoke(NativeMethodAccessorImpl.java:57)
	at sun.reflect.DelegatingMethodAccessorImpl.invoke(DelegatingMethodAccessorImpl.java:43)
	at java.lang.reflect.Method.invoke(Method.java:606)
	at org.clever.Common.Communicator.Agent.handleInvocation(Agent.java:330)
	at org.clever.Common.Communicator.ModuleCommunicator.handleMessage(ModuleCommunicator.java:99)
	at org.clever.Common.CommunicatorPlugins.Dbus.CommunicatorDbus.OnMessage(CommunicatorDbus.java:189)
	at sun.reflect.NativeMethodAccessorImpl.invoke0(Native Method)
	at sun.reflect.NativeMethodAccessorImpl.invoke(NativeMethodAccessorImpl.java:57)
	at sun.reflect.DelegatingMethodAccessorImpl.invoke(DelegatingMethodAccessorImpl.java:43)
	at java.lang.reflect.Method.invoke(Method.java:606)
	at org.freedesktop.dbus.AbstractConnection$1.run(AbstractConnection.java:785)
	at org.freedesktop.dbus.AbstractConnection$_workerthread.run(AbstractConnection.java:169)
org.clever.Common.Communicator.Agent: handleInvocation 2014-03-24 11:40:16,020 [Thread-1] DEBUG org.clever.ClusterManager.VirtualizationManager.VirtualizationManagerAgent {336}- Method invoked: handleNotification
org.clever.Common.CommunicatorPlugins.Dbus.CommunicatorDbus: OnMessage 2014-03-24 11:40:16,023 [Thread-1] DEBUG DbusCommunicationPlugin {200}- Sending reply: <null/>
org.clever.Common.CommunicatorPlugins.Dbus.CommunicatorDbus: sendRecv 2014-03-24 11:40:16,049 [ThreadMessageHandler] DEBUG DbusCommunicationPlugin {104}- Sending message to : VirtualizationManagerAgent : <org.clever.Common.Communicator.MethodInvoker>
  <module>VirtualizationManagerAgent</module>
  <methodName>handleNotification</methodName>
  <params>
    <org.clever.Common.Communicator.Notification>
      <id>PRESENCE/HM</id>
      <hostId>hmricky</hostId>
      <agentId></agentId>
    </org.clever.Common.Communicator.Notification>
  </params>
  <hasReturn>true</hasReturn>
</org.clever.Common.Communicator.MethodInvoker>
org.clever.Common.CommunicatorPlugins.Dbus.CommunicatorDbus: sendRecv 2014-03-24 11:40:16,050 [ThreadMessageHandler] DEBUG DbusCommunicationPlugin {106}- Sender Connection Closed
org.clever.Common.Communicator.ModuleCommunicator: invoke 2014-03-24 11:40:16,050 [ThreadMessageHandler] DEBUG ModuleCommunicator {128}- After sendRecv with has return :<null/>
org.clever.Common.Communicator.ModuleCommunicator: invoke 2014-03-24 11:40:16,059 [ThreadMessageHandler] DEBUG ModuleCommunicator {137}- Result :null
org.clever.Common.Initiator.ModuleFactory.ModuleFactoryMultiTasking: createAgent 2014-03-24 11:40:23,136 [Thread-23] INFO  ModuleFactory {130}- New process launched!
org.clever.Common.Initiator.ModuleFactory.ModuleFactoryMultiTasking: createAgent 2014-03-24 11:40:23,137 [Thread-23] INFO  ModuleFactory {145}- Thread ReplacementAgentDead abilitated
org.clever.Common.Initiator.ModuleFactory.ModuleFactoryMultiTasking: createAgent 2014-03-24 11:40:23,150 [Thread-23] INFO  ModuleFactory {152}- Thread for replacement started
org.clever.Common.LoggingPlugins.Log4J.Log4J: <init> 2014-03-24 11:40:23,393 [main] INFO  LoggingAgent {76}- LoggingAgent plugin inizializzato:  
org.clever.Common.LoggingPlugins.Log4J.Log4J: creaDir 2014-03-24 11:40:23,398 [main] ERROR LoggingAgent {601}- Impossibile creare: /home/riccardo/NetBeansProjects/clever-unime/trunk/clevercloud/LOGS/ClusterManager/DatabaseManager
org.clever.Common.Initiator.ModuleFactory.ModuleFactoryMultiTasking: createAgent 2014-03-24 11:40:24,457 [Thread-27] INFO  ModuleFactory {130}- New process launched!
org.clever.Common.Initiator.ModuleFactory.ModuleFactoryMultiTasking: createAgent 2014-03-24 11:40:24,459 [Thread-27] INFO  ModuleFactory {145}- Thread ReplacementAgentDead abilitated
org.clever.Common.Initiator.ModuleFactory.ModuleFactoryMultiTasking: createAgent 2014-03-24 11:40:24,462 [Thread-27] INFO  ModuleFactory {152}- Thread for replacement started
org.clever.Common.LoggingPlugins.Log4J.Log4J: <init> 2014-03-24 11:40:24,708 [main] INFO  LoggingAgent {76}- LoggingAgent plugin inizializzato:  
org.clever.Common.LoggingPlugins.Log4J.Log4J: creaDir 2014-03-24 11:40:24,712 [main] ERROR LoggingAgent {601}- Impossibile creare: /home/riccardo/NetBeansProjects/clever-unime/trunk/clevercloud/LOGS/ClusterManager/DatabaseManager
org.clever.Common.Initiator.ModuleFactory.ModuleFactoryMultiTasking: createAgent 2014-03-24 11:40:25,712 [Thread-29] INFO  ModuleFactory {130}- New process launched!
org.clever.Common.Initiator.ModuleFactory.ModuleFactoryMultiTasking: createAgent 2014-03-24 11:40:25,719 [Thread-29] INFO  ModuleFactory {145}- Thread ReplacementAgentDead abilitated
org.clever.Common.Initiator.ModuleFactory.ModuleFactoryMultiTasking: createAgent 2014-03-24 11:40:25,720 [Thread-29] INFO  ModuleFactory {152}- Thread for replacement started
org.clever.Common.LoggingPlugins.Log4J.Log4J: <init> 2014-03-24 11:40:25,960 [main] INFO  LoggingAgent {76}- LoggingAgent plugin inizializzato:  
org.clever.Common.LoggingPlugins.Log4J.Log4J: creaDir 2014-03-24 11:40:25,964 [main] ERROR LoggingAgent {601}- Impossibile creare: /home/riccardo/NetBeansProjects/clever-unime/trunk/clevercloud/LOGS/ClusterManager/DatabaseManager
org.clever.Common.Communicator.ModuleCommunicator: invoke 2014-03-24 11:44:58,947 [Thread-6] DEBUG ModuleCommunicator {121}- Before sendRecv with has return: DatabaseManagerAgent
org.clever.Common.CommunicatorPlugins.Dbus.CommunicatorDbus: sendRecv 2014-03-24 11:44:59,190 [Thread-6] DEBUG DbusCommunicationPlugin {91}- Creating connection to remote object /org/clever/Common/CommunicatorPlugins/Dbus/CleverDbusInterface/DatabaseManagerAgent on bus org.clever.Common.CommunicatorPlugins.DatabaseManagerAgentHM
org.clever.Common.CommunicatorPlugins.Dbus.CommunicatorDbus: sendRecv 2014-03-24 11:44:59,209 [Thread-6] ERROR DbusCommunicationPlugin {120}- Error while sending message with sendRecv.
 Remote object /org/clever/Common/CommunicatorPlugins/Dbus/CleverDbusInterface/DatabaseManagerAgent on bus org.clever.Common.CommunicatorPlugins.DatabaseManagerAgentHM
Check if this object exists.
org.freedesktop.dbus.exceptions.DBusException: Failed to create proxy object for /org/clever/Common/CommunicatorPlugins/Dbus/CleverDbusInterface/DatabaseManagerAgent exported by org.clever.Common.CommunicatorPlugins.DatabaseManagerAgentHM. Reason: The name org.clever.Common.CommunicatorPlugins.DatabaseManagerAgentHM was not provided by any .service files
	at org.freedesktop.dbus.DBusConnection.dynamicProxy(DBusConnection.java:375)
	at org.freedesktop.dbus.DBusConnection.getRemoteObject(DBusConnection.java:532)
	at org.clever.Common.CommunicatorPlugins.Dbus.CommunicatorDbus.sendRecv(CommunicatorDbus.java:92)
	at org.clever.Common.Communicator.ModuleCommunicator.invoke(ModuleCommunicator.java:124)
	at org.clever.Common.Communicator.Agent.invoke(Agent.java:470)
	at org.clever.HostManager.ImageManagerPlugins.ImageManagerClever.ImageManager$ThreadCloser.run(ImageManager.java:860)
